2020-05-13 17:15:44 |-INFO in o.s.c.s.AbstractApplicationContext::prepareRefresh:590 - Refreshing org.springframework.context.annotation.AnnotationConfigApplicationContext@626c44e7: startup date [Wed May 13 17:15:44 CST 2020]; root of context hierarchy 
2020-05-13 17:15:45 |-INFO in o.s.b.f.a.AutowiredAnnotationBeanPostProcessor::<init>:154 - JSR-330 'javax.inject.Inject' annotation found and supported for autowiring 
2020-05-13 17:15:45 |-INFO in o.s.c.s.PostProcessorRegistrationDelegate$BeanPostProcessorChecker::postProcessAfterInitialization:328 - Bean 'configurationPropertiesRebinderAutoConfiguration' of type [org.springframework.cloud.autoconfigure.ConfigurationPropertiesRebinderAutoConfiguration$$EnhancerBySpringCGLIB$$142114c9] is not eligible for getting processed by all BeanPostProcessors (for example: not eligible for auto-proxying) 
2020-05-13 17:15:47 |-INFO in o.s.boot.SpringApplication::logStartupProfileInfo:663 - The following profiles are active: kf 
2020-05-13 17:15:47 |-INFO in o.s.c.s.AbstractApplicationContext::prepareRefresh:590 - Refreshing org.springframework.boot.web.servlet.context.AnnotationConfigServletWebServerApplicationContext@4c7a078: startup date [Wed May 13 17:15:47 CST 2020]; parent: org.springframework.context.annotation.AnnotationConfigApplicationContext@626c44e7 
2020-05-13 17:15:49 |-INFO in o.s.c.c.scope.GenericScope::setSerializationId:294 - BeanFactory id=8994bdb4-ae0a-3f40-9201-fef02ba54ed5 
2020-05-13 17:15:49 |-INFO in o.s.b.f.a.AutowiredAnnotationBeanPostProcessor::<init>:154 - JSR-330 'javax.inject.Inject' annotation found and supported for autowiring 
2020-05-13 17:15:49 |-INFO in o.s.c.s.PostProcessorRegistrationDelegate$BeanPostProcessorChecker::postProcessAfterInitialization:328 - Bean 'org.springframework.cloud.autoconfigure.ConfigurationPropertiesRebinderAutoConfiguration' of type [org.springframework.cloud.autoconfigure.ConfigurationPropertiesRebinderAutoConfiguration$$EnhancerBySpringCGLIB$$142114c9] is not eligible for getting processed by all BeanPostProcessors (for example: not eligible for auto-proxying) 
2020-05-13 17:15:50 |-INFO in o.s.b.w.e.t.TomcatWebServer::initialize:91 - Tomcat initialized with port(s): 8086 (http) 
2020-05-13 17:15:50 |-INFO in o.a.juli.logging.DirectJDKLog::log:180 - Initializing ProtocolHandler ["http-nio-8086"] 
2020-05-13 17:15:50 |-INFO in o.a.juli.logging.DirectJDKLog::log:180 - Starting service [Tomcat] 
2020-05-13 17:15:50 |-INFO in o.a.juli.logging.DirectJDKLog::log:180 - Starting Servlet Engine: Apache Tomcat/8.5.29 
2020-05-13 17:15:50 |-INFO in o.a.juli.logging.DirectJDKLog::log:180 - The APR based Apache Tomcat Native library which allows optimal performance in production environments was not found on the java.library.path: [C:\Program Files\Java\jdk1.8.0_111\jdk1.8.0_111\bin;C:\Windows\Sun\Java\bin;C:\Windows\system32;C:\Windows;C:\Program Files (x86)\Common Files\Oracle\Java\javapath;C:\ProgramData\Oracle\Java\javapath;C:\Windows\system32;C:\Windows;C:\Windows\System32\Wbem;C:\Windows\System32\WindowsPowerShell\v1.0\;C:\Windows\System32\OpenSSH\;C:\Program Files\Java\jdk1.8.0_111\jdk1.8.0_111\bin;C:\Program Files\nodejs\;C:\Program Files\TortoiseSVN\bin;%MYSQL_HOME%\bin;C:\Users\Administrator\AppData\Local\Programs\Python\Python37;D:\gradle-5.5.1-bin\gradle-5.5.1\bin;D:\soft\apache-maven-3.3.3-bin\apache-maven-3.3.3\bin;C:\Program Files\Git\cmd;D:\ffmpeg-win64\bin;C:\Users\Administrator\AppData\Local\Microsoft\WindowsApps;C:\Users\Administrator\AppData\Roaming\npm;C:\Users\Administrator\AppData\Local\Programs\Microsoft VS Code\bin;C:\Users\Administrator\AppData\Local\GitHubDesktop\bin;.] 
2020-05-13 17:15:50 |-INFO in o.a.juli.logging.DirectJDKLog::log:180 - Initializing Spring embedded WebApplicationContext 
2020-05-13 17:15:50 |-INFO in o.s.b.w.s.c.ServletWebServerApplicationContext::prepareWebApplicationContext:285 - Root WebApplicationContext: initialization completed in 3523 ms 
2020-05-13 17:15:51 |-WARN in c.n.c.s.URLConfigurationSource::<init>:121 - No URLs will be polled as dynamic configuration sources. 
2020-05-13 17:15:51 |-INFO in c.n.c.s.URLConfigurationSource::<init>:122 - To enable URLs as dynamic configuration sources, define System property archaius.configurationSource.additionalUrls or make config.properties available on classpath. 
2020-05-13 17:15:51 |-INFO in c.n.c.DynamicPropertyFactory::getInstance:281 - DynamicPropertyFactory is initialized with configuration sources: com.netflix.config.ConcurrentCompositeConfiguration@5ae1740f 
2020-05-13 17:15:55 |-INFO in o.s.b.w.s.ServletRegistrationBean::addRegistration:185 - Servlet dispatcherServlet mapped to [/] 
2020-05-13 17:15:55 |-INFO in o.s.b.w.s.AbstractFilterRegistrationBean::configure:244 - Mapping filter: 'characterEncodingFilter' to: [/*] 
2020-05-13 17:15:55 |-INFO in o.s.b.w.s.AbstractFilterRegistrationBean::configure:244 - Mapping filter: 'hiddenHttpMethodFilter' to: [/*] 
2020-05-13 17:15:55 |-INFO in o.s.b.w.s.AbstractFilterRegistrationBean::configure:244 - Mapping filter: 'httpPutFormContentFilter' to: [/*] 
2020-05-13 17:15:55 |-INFO in o.s.b.w.s.AbstractFilterRegistrationBean::configure:244 - Mapping filter: 'requestContextFilter' to: [/*] 
2020-05-13 17:15:55 |-INFO in o.s.b.w.s.AbstractFilterRegistrationBean::configure:244 - Mapping filter: 'httpTraceFilter' to: [/*] 
2020-05-13 17:15:55 |-INFO in o.s.b.w.s.AbstractFilterRegistrationBean::configure:244 - Mapping filter: 'webMvcMetricsFilter' to: [/*] 
2020-05-13 17:15:55 |-INFO in o.s.c.s.AbstractApplicationContext::prepareRefresh:590 - Refreshing FeignContext-some-api-service: startup date [Wed May 13 17:15:55 CST 2020]; parent: org.springframework.boot.web.servlet.context.AnnotationConfigServletWebServerApplicationContext@4c7a078 
2020-05-13 17:15:55 |-INFO in o.s.b.f.a.AutowiredAnnotationBeanPostProcessor::<init>:154 - JSR-330 'javax.inject.Inject' annotation found and supported for autowiring 
2020-05-13 17:15:56 |-INFO in o.s.w.s.h.AbstractHandlerMethodMapping$MappingRegistry::register:547 - Mapped "{[/test/get],methods=[GET]}" onto public com.some.common.result.RespResult<java.lang.String> com.some.client.core.controller.TestController.get() 
2020-05-13 17:15:56 |-INFO in o.s.w.s.h.AbstractHandlerMethodMapping$MappingRegistry::register:547 - Mapped "{[/test/feignGet],methods=[GET]}" onto public com.some.common.result.RespResult<java.lang.String> com.some.client.core.controller.TestController.feignGet() 
2020-05-13 17:15:56 |-INFO in o.s.w.s.h.AbstractHandlerMethodMapping$MappingRegistry::register:547 - Mapped "{[/swagger-resources/configuration/security]}" onto public org.springframework.http.ResponseEntity<springfox.documentation.swagger.web.SecurityConfiguration> springfox.documentation.swagger.web.ApiResourceController.securityConfiguration() 
2020-05-13 17:15:56 |-INFO in o.s.w.s.h.AbstractHandlerMethodMapping$MappingRegistry::register:547 - Mapped "{[/swagger-resources/configuration/ui]}" onto public org.springframework.http.ResponseEntity<springfox.documentation.swagger.web.UiConfiguration> springfox.documentation.swagger.web.ApiResourceController.uiConfiguration() 
2020-05-13 17:15:56 |-INFO in o.s.w.s.h.AbstractHandlerMethodMapping$MappingRegistry::register:547 - Mapped "{[/swagger-resources]}" onto public org.springframework.http.ResponseEntity<java.util.List<springfox.documentation.swagger.web.SwaggerResource>> springfox.documentation.swagger.web.ApiResourceController.swaggerResources() 
2020-05-13 17:15:56 |-INFO in o.s.w.s.h.AbstractHandlerMethodMapping$MappingRegistry::register:547 - Mapped "{[/error]}" onto public org.springframework.http.ResponseEntity<java.util.Map<java.lang.String, java.lang.Object>> org.springframework.boot.autoconfigure.web.servlet.error.BasicErrorController.error(javax.servlet.http.HttpServletRequest) 
2020-05-13 17:15:56 |-INFO in o.s.w.s.h.AbstractHandlerMethodMapping$MappingRegistry::register:547 - Mapped "{[/error],produces=[text/html]}" onto public org.springframework.web.servlet.ModelAndView org.springframework.boot.autoconfigure.web.servlet.error.BasicErrorController.errorHtml(javax.servlet.http.HttpServletRequest,javax.servlet.http.HttpServletResponse) 
2020-05-13 17:15:56 |-INFO in o.s.b.a.e.w.EndpointLinksResolver::<init>:59 - Exposing 19 endpoint(s) beneath base path '/actuator' 
2020-05-13 17:15:56 |-INFO in o.s.w.s.h.AbstractHandlerMethodMapping$MappingRegistry::register:547 - Mapped "{[/actuator/archaius],methods=[GET],produces=[application/vnd.spring-boot.actuator.v2+json || application/json]}" onto public java.lang.Object org.springframework.boot.actuate.endpoint.web.servlet.AbstractWebMvcEndpointHandlerMapping$OperationHandler.handle(javax.servlet.http.HttpServletRequest,java.util.Map<java.lang.String, java.lang.String>) 
2020-05-13 17:15:56 |-INFO in o.s.w.s.h.AbstractHandlerMethodMapping$MappingRegistry::register:547 - Mapped "{[/actuator/auditevents],methods=[GET],produces=[application/vnd.spring-boot.actuator.v2+json || application/json]}" onto public java.lang.Object org.springframework.boot.actuate.endpoint.web.servlet.AbstractWebMvcEndpointHandlerMapping$OperationHandler.handle(javax.servlet.http.HttpServletRequest,java.util.Map<java.lang.String, java.lang.String>) 
2020-05-13 17:15:56 |-INFO in o.s.w.s.h.AbstractHandlerMethodMapping$MappingRegistry::register:547 - Mapped "{[/actuator/beans],methods=[GET],produces=[application/vnd.spring-boot.actuator.v2+json || application/json]}" onto public java.lang.Object org.springframework.boot.actuate.endpoint.web.servlet.AbstractWebMvcEndpointHandlerMapping$OperationHandler.handle(javax.servlet.http.HttpServletRequest,java.util.Map<java.lang.String, java.lang.String>) 
2020-05-13 17:15:56 |-INFO in o.s.w.s.h.AbstractHandlerMethodMapping$MappingRegistry::register:547 - Mapped "{[/actuator/health],methods=[GET],produces=[application/vnd.spring-boot.actuator.v2+json || application/json]}" onto public java.lang.Object org.springframework.boot.actuate.endpoint.web.servlet.AbstractWebMvcEndpointHandlerMapping$OperationHandler.handle(javax.servlet.http.HttpServletRequest,java.util.Map<java.lang.String, java.lang.String>) 
2020-05-13 17:15:56 |-INFO in o.s.w.s.h.AbstractHandlerMethodMapping$MappingRegistry::register:547 - Mapped "{[/actuator/conditions],methods=[GET],produces=[application/vnd.spring-boot.actuator.v2+json || application/json]}" onto public java.lang.Object org.springframework.boot.actuate.endpoint.web.servlet.AbstractWebMvcEndpointHandlerMapping$OperationHandler.handle(javax.servlet.http.HttpServletRequest,java.util.Map<java.lang.String, java.lang.String>) 
2020-05-13 17:15:56 |-INFO in o.s.w.s.h.AbstractHandlerMethodMapping$MappingRegistry::register:547 - Mapped "{[/actuator/shutdown],methods=[POST],produces=[application/vnd.spring-boot.actuator.v2+json || application/json]}" onto public java.lang.Object org.springframework.boot.actuate.endpoint.web.servlet.AbstractWebMvcEndpointHandlerMapping$OperationHandler.handle(javax.servlet.http.HttpServletRequest,java.util.Map<java.lang.String, java.lang.String>) 
2020-05-13 17:15:56 |-INFO in o.s.w.s.h.AbstractHandlerMethodMapping$MappingRegistry::register:547 - Mapped "{[/actuator/configprops],methods=[GET],produces=[application/vnd.spring-boot.actuator.v2+json || application/json]}" onto public java.lang.Object org.springframework.boot.actuate.endpoint.web.servlet.AbstractWebMvcEndpointHandlerMapping$OperationHandler.handle(javax.servlet.http.HttpServletRequest,java.util.Map<java.lang.String, java.lang.String>) 
2020-05-13 17:15:56 |-INFO in o.s.w.s.h.AbstractHandlerMethodMapping$MappingRegistry::register:547 - Mapped "{[/actuator/env],methods=[GET],produces=[application/vnd.spring-boot.actuator.v2+json || application/json]}" onto public java.lang.Object org.springframework.boot.actuate.endpoint.web.servlet.AbstractWebMvcEndpointHandlerMapping$OperationHandler.handle(javax.servlet.http.HttpServletRequest,java.util.Map<java.lang.String, java.lang.String>) 
2020-05-13 17:15:56 |-INFO in o.s.w.s.h.AbstractHandlerMethodMapping$MappingRegistry::register:547 - Mapped "{[/actuator/env/{toMatch}],methods=[GET],produces=[application/vnd.spring-boot.actuator.v2+json || application/json]}" onto public java.lang.Object org.springframework.boot.actuate.endpoint.web.servlet.AbstractWebMvcEndpointHandlerMapping$OperationHandler.handle(javax.servlet.http.HttpServletRequest,java.util.Map<java.lang.String, java.lang.String>) 
2020-05-13 17:15:56 |-INFO in o.s.w.s.h.AbstractHandlerMethodMapping$MappingRegistry::register:547 - Mapped "{[/actuator/env],methods=[POST],consumes=[application/vnd.spring-boot.actuator.v2+json || application/json],produces=[application/vnd.spring-boot.actuator.v2+json || application/json]}" onto public java.lang.Object org.springframework.boot.actuate.endpoint.web.servlet.AbstractWebMvcEndpointHandlerMapping$OperationHandler.handle(javax.servlet.http.HttpServletRequest,java.util.Map<java.lang.String, java.lang.String>) 
2020-05-13 17:15:56 |-INFO in o.s.w.s.h.AbstractHandlerMethodMapping$MappingRegistry::register:547 - Mapped "{[/actuator/env],methods=[DELETE],produces=[application/vnd.spring-boot.actuator.v2+json || application/json]}" onto public java.lang.Object org.springframework.boot.actuate.endpoint.web.servlet.AbstractWebMvcEndpointHandlerMapping$OperationHandler.handle(javax.servlet.http.HttpServletRequest,java.util.Map<java.lang.String, java.lang.String>) 
2020-05-13 17:15:56 |-INFO in o.s.w.s.h.AbstractHandlerMethodMapping$MappingRegistry::register:547 - Mapped "{[/actuator/info],methods=[GET],produces=[application/vnd.spring-boot.actuator.v2+json || application/json]}" onto public java.lang.Object org.springframework.boot.actuate.endpoint.web.servlet.AbstractWebMvcEndpointHandlerMapping$OperationHandler.handle(javax.servlet.http.HttpServletRequest,java.util.Map<java.lang.String, java.lang.String>) 
2020-05-13 17:15:56 |-INFO in o.s.w.s.h.AbstractHandlerMethodMapping$MappingRegistry::register:547 - Mapped "{[/actuator/loggers],methods=[GET],produces=[application/vnd.spring-boot.actuator.v2+json || application/json]}" onto public java.lang.Object org.springframework.boot.actuate.endpoint.web.servlet.AbstractWebMvcEndpointHandlerMapping$OperationHandler.handle(javax.servlet.http.HttpServletRequest,java.util.Map<java.lang.String, java.lang.String>) 
2020-05-13 17:15:56 |-INFO in o.s.w.s.h.AbstractHandlerMethodMapping$MappingRegistry::register:547 - Mapped "{[/actuator/loggers/{name}],methods=[POST],consumes=[application/vnd.spring-boot.actuator.v2+json || application/json]}" onto public java.lang.Object org.springframework.boot.actuate.endpoint.web.servlet.AbstractWebMvcEndpointHandlerMapping$OperationHandler.handle(javax.servlet.http.HttpServletRequest,java.util.Map<java.lang.String, java.lang.String>) 
2020-05-13 17:15:56 |-INFO in o.s.w.s.h.AbstractHandlerMethodMapping$MappingRegistry::register:547 - Mapped "{[/actuator/loggers/{name}],methods=[GET],produces=[application/vnd.spring-boot.actuator.v2+json || application/json]}" onto public java.lang.Object org.springframework.boot.actuate.endpoint.web.servlet.AbstractWebMvcEndpointHandlerMapping$OperationHandler.handle(javax.servlet.http.HttpServletRequest,java.util.Map<java.lang.String, java.lang.String>) 
2020-05-13 17:15:56 |-INFO in o.s.w.s.h.AbstractHandlerMethodMapping$MappingRegistry::register:547 - Mapped "{[/actuator/heapdump],methods=[GET],produces=[application/octet-stream]}" onto public java.lang.Object org.springframework.boot.actuate.endpoint.web.servlet.AbstractWebMvcEndpointHandlerMapping$OperationHandler.handle(javax.servlet.http.HttpServletRequest,java.util.Map<java.lang.String, java.lang.String>) 
2020-05-13 17:15:56 |-INFO in o.s.w.s.h.AbstractHandlerMethodMapping$MappingRegistry::register:547 - Mapped "{[/actuator/threaddump],methods=[GET],produces=[application/vnd.spring-boot.actuator.v2+json || application/json]}" onto public java.lang.Object org.springframework.boot.actuate.endpoint.web.servlet.AbstractWebMvcEndpointHandlerMapping$OperationHandler.handle(javax.servlet.http.HttpServletRequest,java.util.Map<java.lang.String, java.lang.String>) 
2020-05-13 17:15:56 |-INFO in o.s.w.s.h.AbstractHandlerMethodMapping$MappingRegistry::register:547 - Mapped "{[/actuator/metrics/{requiredMetricName}],methods=[GET],produces=[application/vnd.spring-boot.actuator.v2+json || application/json]}" onto public java.lang.Object org.springframework.boot.actuate.endpoint.web.servlet.AbstractWebMvcEndpointHandlerMapping$OperationHandler.handle(javax.servlet.http.HttpServletRequest,java.util.Map<java.lang.String, java.lang.String>) 
2020-05-13 17:15:56 |-INFO in o.s.w.s.h.AbstractHandlerMethodMapping$MappingRegistry::register:547 - Mapped "{[/actuator/metrics],methods=[GET],produces=[application/vnd.spring-boot.actuator.v2+json || application/json]}" onto public java.lang.Object org.springframework.boot.actuate.endpoint.web.servlet.AbstractWebMvcEndpointHandlerMapping$OperationHandler.handle(javax.servlet.http.HttpServletRequest,java.util.Map<java.lang.String, java.lang.String>) 
2020-05-13 17:15:56 |-INFO in o.s.w.s.h.AbstractHandlerMethodMapping$MappingRegistry::register:547 - Mapped "{[/actuator/scheduledtasks],methods=[GET],produces=[application/vnd.spring-boot.actuator.v2+json || application/json]}" onto public java.lang.Object org.springframework.boot.actuate.endpoint.web.servlet.AbstractWebMvcEndpointHandlerMapping$OperationHandler.handle(javax.servlet.http.HttpServletRequest,java.util.Map<java.lang.String, java.lang.String>) 
2020-05-13 17:15:56 |-INFO in o.s.w.s.h.AbstractHandlerMethodMapping$MappingRegistry::register:547 - Mapped "{[/actuator/httptrace],methods=[GET],produces=[application/vnd.spring-boot.actuator.v2+json || application/json]}" onto public java.lang.Object org.springframework.boot.actuate.endpoint.web.servlet.AbstractWebMvcEndpointHandlerMapping$OperationHandler.handle(javax.servlet.http.HttpServletRequest,java.util.Map<java.lang.String, java.lang.String>) 
2020-05-13 17:15:56 |-INFO in o.s.w.s.h.AbstractHandlerMethodMapping$MappingRegistry::register:547 - Mapped "{[/actuator/mappings],methods=[GET],produces=[application/vnd.spring-boot.actuator.v2+json || application/json]}" onto public java.lang.Object org.springframework.boot.actuate.endpoint.web.servlet.AbstractWebMvcEndpointHandlerMapping$OperationHandler.handle(javax.servlet.http.HttpServletRequest,java.util.Map<java.lang.String, java.lang.String>) 
2020-05-13 17:15:56 |-INFO in o.s.w.s.h.AbstractHandlerMethodMapping$MappingRegistry::register:547 - Mapped "{[/actuator/refresh],methods=[POST],produces=[application/vnd.spring-boot.actuator.v2+json || application/json]}" onto public java.lang.Object org.springframework.boot.actuate.endpoint.web.servlet.AbstractWebMvcEndpointHandlerMapping$OperationHandler.handle(javax.servlet.http.HttpServletRequest,java.util.Map<java.lang.String, java.lang.String>) 
2020-05-13 17:15:56 |-INFO in o.s.w.s.h.AbstractHandlerMethodMapping$MappingRegistry::register:547 - Mapped "{[/actuator/features],methods=[GET],produces=[application/vnd.spring-boot.actuator.v2+json || application/json]}" onto public java.lang.Object org.springframework.boot.actuate.endpoint.web.servlet.AbstractWebMvcEndpointHandlerMapping$OperationHandler.handle(javax.servlet.http.HttpServletRequest,java.util.Map<java.lang.String, java.lang.String>) 
2020-05-13 17:15:56 |-INFO in o.s.w.s.h.AbstractHandlerMethodMapping$MappingRegistry::register:547 - Mapped "{[/actuator/service-registry],methods=[GET],produces=[application/vnd.spring-boot.actuator.v2+json || application/json]}" onto public java.lang.Object org.springframework.boot.actuate.endpoint.web.servlet.AbstractWebMvcEndpointHandlerMapping$OperationHandler.handle(javax.servlet.http.HttpServletRequest,java.util.Map<java.lang.String, java.lang.String>) 
2020-05-13 17:15:56 |-INFO in o.s.w.s.h.AbstractHandlerMethodMapping$MappingRegistry::register:547 - Mapped "{[/actuator/service-registry],methods=[POST],consumes=[application/vnd.spring-boot.actuator.v2+json || application/json],produces=[application/vnd.spring-boot.actuator.v2+json || application/json]}" onto public java.lang.Object org.springframework.boot.actuate.endpoint.web.servlet.AbstractWebMvcEndpointHandlerMapping$OperationHandler.handle(javax.servlet.http.HttpServletRequest,java.util.Map<java.lang.String, java.lang.String>) 
2020-05-13 17:15:56 |-INFO in o.s.w.s.h.AbstractHandlerMethodMapping$MappingRegistry::register:547 - Mapped "{[/actuator],methods=[GET],produces=[application/vnd.spring-boot.actuator.v2+json || application/json]}" onto protected java.util.Map<java.lang.String, java.util.Map<java.lang.String, org.springframework.boot.actuate.endpoint.web.Link>> org.springframework.boot.actuate.endpoint.web.servlet.WebMvcEndpointHandlerMapping.links(javax.servlet.http.HttpServletRequest,javax.servlet.http.HttpServletResponse) 
2020-05-13 17:15:57 |-INFO in s.d.s.w.PropertySourcedRequestMappingHandlerMapping::initHandlerMethods:69 - Mapped URL path [/v2/api-docs] onto method [public org.springframework.http.ResponseEntity<springfox.documentation.spring.web.json.Json> springfox.documentation.swagger2.web.Swagger2Controller.getDocumentation(java.lang.String,javax.servlet.http.HttpServletRequest)] 
2020-05-13 17:15:57 |-WARN in c.n.c.s.URLConfigurationSource::<init>:121 - No URLs will be polled as dynamic configuration sources. 
2020-05-13 17:15:57 |-INFO in c.n.c.s.URLConfigurationSource::<init>:122 - To enable URLs as dynamic configuration sources, define System property archaius.configurationSource.additionalUrls or make config.properties available on classpath. 
2020-05-13 17:15:57 |-INFO in o.s.w.s.h.AbstractUrlHandlerMapping::registerHandler:373 - Mapped URL path [/**/favicon.ico] onto handler of type [class org.springframework.web.servlet.resource.ResourceHttpRequestHandler] 
2020-05-13 17:15:57 |-INFO in o.s.w.s.m.m.a.RequestMappingHandlerAdapter::initControllerAdviceCache:574 - Looking for @ControllerAdvice: org.springframework.boot.web.servlet.context.AnnotationConfigServletWebServerApplicationContext@4c7a078: startup date [Wed May 13 17:15:47 CST 2020]; parent: org.springframework.context.annotation.AnnotationConfigApplicationContext@626c44e7 
2020-05-13 17:15:58 |-INFO in o.s.w.s.h.AbstractUrlHandlerMapping::registerHandler:373 - Mapped URL path [/webjars/**] onto handler of type [class org.springframework.web.servlet.resource.ResourceHttpRequestHandler] 
2020-05-13 17:15:58 |-INFO in o.s.w.s.h.AbstractUrlHandlerMapping::registerHandler:373 - Mapped URL path [/**] onto handler of type [class org.springframework.web.servlet.resource.ResourceHttpRequestHandler] 
2020-05-13 17:15:59 |-INFO in o.s.jmx.export.MBeanExporter::afterSingletonsInstantiated:433 - Registering beans for JMX exposure on startup 
2020-05-13 17:15:59 |-INFO in o.s.jmx.export.MBeanExporter::autodetect:895 - Bean with name 'environmentManager' has been autodetected for JMX exposure 
2020-05-13 17:15:59 |-INFO in o.s.jmx.export.MBeanExporter::autodetect:895 - Bean with name 'configurationPropertiesRebinder' has been autodetected for JMX exposure 
2020-05-13 17:15:59 |-INFO in o.s.jmx.export.MBeanExporter::autodetect:895 - Bean with name 'refreshScope' has been autodetected for JMX exposure 
2020-05-13 17:15:59 |-INFO in o.s.jmx.export.MBeanExporter::registerBeanInstance:675 - Located managed bean 'environmentManager': registering with JMX server as MBean [org.springframework.cloud.context.environment:name=environmentManager,type=EnvironmentManager] 
2020-05-13 17:15:59 |-INFO in o.s.jmx.export.MBeanExporter::registerBeanInstance:675 - Located managed bean 'refreshScope': registering with JMX server as MBean [org.springframework.cloud.context.scope.refresh:name=refreshScope,type=RefreshScope] 
2020-05-13 17:15:59 |-INFO in o.s.jmx.export.MBeanExporter::registerBeanInstance:675 - Located managed bean 'configurationPropertiesRebinder': registering with JMX server as MBean [org.springframework.cloud.context.properties:name=configurationPropertiesRebinder,context=4c7a078,type=ConfigurationPropertiesRebinder] 
2020-05-13 17:15:59 |-INFO in o.s.c.s.DefaultLifecycleProcessor$LifecycleGroup::start:351 - Starting beans in phase 0 
2020-05-13 17:15:59 |-INFO in o.s.c.n.e.InstanceInfoFactory::create:71 - Setting initial instance status as: STARTING 
2020-05-13 17:15:59 |-INFO in c.n.discovery.DiscoveryClient::<init>:349 - Initializing Eureka in region us-east-1 
2020-05-13 17:15:59 |-INFO in c.n.d.p.DiscoveryJerseyProvider::<init>:70 - Using JSON encoding codec LegacyJacksonJson 
2020-05-13 17:15:59 |-INFO in c.n.d.p.DiscoveryJerseyProvider::<init>:71 - Using JSON decoding codec LegacyJacksonJson 
2020-05-13 17:16:00 |-INFO in c.n.d.p.DiscoveryJerseyProvider::<init>:80 - Using XML encoding codec XStreamXml 
2020-05-13 17:16:00 |-INFO in c.n.d.p.DiscoveryJerseyProvider::<init>:81 - Using XML decoding codec XStreamXml 
2020-05-13 17:16:00 |-INFO in c.n.d.s.r.a.ConfigClusterResolver::getClusterEndpoints:43 - Resolving eureka endpoints via configuration 
2020-05-13 17:16:01 |-INFO in c.n.discovery.DiscoveryClient::fetchRegistry:958 - Disable delta property : false 
2020-05-13 17:16:01 |-INFO in c.n.discovery.DiscoveryClient::fetchRegistry:959 - Single vip registry refresh property : null 
2020-05-13 17:16:01 |-INFO in c.n.discovery.DiscoveryClient::fetchRegistry:960 - Force full registry fetch : false 
2020-05-13 17:16:01 |-INFO in c.n.discovery.DiscoveryClient::fetchRegistry:961 - Application is null : false 
2020-05-13 17:16:01 |-INFO in c.n.discovery.DiscoveryClient::fetchRegistry:962 - Registered Applications size is zero : true 
2020-05-13 17:16:01 |-INFO in c.n.discovery.DiscoveryClient::fetchRegistry:964 - Application version is -1: true 
2020-05-13 17:16:01 |-INFO in c.n.discovery.DiscoveryClient::getAndStoreFullRegistry:1047 - Getting all instance registry info from the eureka server 
2020-05-13 17:16:01 |-INFO in c.n.discovery.DiscoveryClient::getAndStoreFullRegistry:1056 - The response status is 200 
2020-05-13 17:16:01 |-INFO in c.n.discovery.DiscoveryClient::initScheduledTasks:1264 - Starting heartbeat executor: renew interval is: 30 
2020-05-13 17:16:01 |-INFO in c.n.d.InstanceInfoReplicator::<init>:60 - InstanceInfoReplicator onDemand update allowed rate per min is 4 
2020-05-13 17:16:01 |-INFO in c.n.discovery.DiscoveryClient::<init>:449 - Discovery Client initialized at timestamp 1589361361776 with initial instances count: 1 
2020-05-13 17:16:01 |-INFO in o.s.c.n.e.s.EurekaServiceRegistry::register:42 - Registering application some-api-service with eureka with status UP 
2020-05-13 17:16:01 |-INFO in c.n.d.DiscoveryClient$3::notify:1299 - Saw local status change event StatusChangeEvent [timestamp=1589361361787, current=UP, previous=STARTING] 
2020-05-13 17:16:01 |-INFO in c.n.discovery.DiscoveryClient::register:826 - DiscoveryClient_SOME-API-SERVICE/192.168.25.204:some-api-service:8086: registering service... 
2020-05-13 17:16:01 |-INFO in o.s.c.s.DefaultLifecycleProcessor$LifecycleGroup::start:351 - Starting beans in phase 2147483647 
2020-05-13 17:16:01 |-INFO in s.d.s.w.p.DocumentationPluginsBootstrapper::start:160 - Context refreshed 
2020-05-13 17:16:01 |-INFO in s.d.s.w.p.DocumentationPluginsBootstrapper::start:163 - Found 1 custom documentation plugin(s) 
2020-05-13 17:16:01 |-INFO in c.n.discovery.DiscoveryClient::register:835 - DiscoveryClient_SOME-API-SERVICE/192.168.25.204:some-api-service:8086 - registration status: 204 
2020-05-13 17:16:02 |-INFO in s.d.s.w.s.ApiListingReferenceScanner::scan:41 - Scanning for api listing references 
2020-05-13 17:16:03 |-INFO in com.some.client.SystemStartup::init:16 - 开始启动eureka-client系统。。。 
2020-05-13 17:16:03 |-INFO in com.some.client.SystemStartup::init:21 - eureka-client系统启动完成，耗时：0 
2020-05-13 17:16:03 |-INFO in o.a.juli.logging.DirectJDKLog::log:180 - Starting ProtocolHandler ["http-nio-8086"] 
2020-05-13 17:16:03 |-INFO in o.a.juli.logging.DirectJDKLog::log:180 - Using a shared selector for servlet write/read 
2020-05-13 17:16:03 |-INFO in o.s.b.w.e.t.TomcatWebServer::start:206 - Tomcat started on port(s): 8086 (http) with context path '' 
2020-05-13 17:16:03 |-INFO in o.s.c.n.e.s.EurekaAutoServiceRegistration::onApplicationEvent:124 - Updating port to 8086 
2020-05-13 17:16:03 |-INFO in o.s.boot.StartupInfoLogger::logStarted:59 - Started ClientBootMyApplication in 20.875 seconds (JVM running for 24.038) 
2020-05-13 17:16:04 |-INFO in o.a.juli.logging.DirectJDKLog::log:180 - Initializing Spring FrameworkServlet 'dispatcherServlet' 
2020-05-13 17:16:04 |-INFO in o.s.w.servlet.FrameworkServlet::initServletBean:494 - FrameworkServlet 'dispatcherServlet': initialization started 
2020-05-13 17:16:04 |-INFO in o.s.w.servlet.FrameworkServlet::initServletBean:509 - FrameworkServlet 'dispatcherServlet': initialization completed in 37 ms 
2020-05-13 17:17:26 |-INFO in o.s.c.s.AbstractApplicationContext::prepareRefresh:590 - Refreshing SpringClientFactory-some-api-service: startup date [Wed May 13 17:17:26 CST 2020]; parent: org.springframework.boot.web.servlet.context.AnnotationConfigServletWebServerApplicationContext@4c7a078 
2020-05-13 17:17:26 |-INFO in o.s.b.f.a.AutowiredAnnotationBeanPostProcessor::<init>:154 - JSR-330 'javax.inject.Inject' annotation found and supported for autowiring 
2020-05-13 17:17:26 |-INFO in c.n.c.ChainedDynamicProperty$ChainLink::checkAndFlip:115 - Flipping property: some-api-service.ribbon.ActiveConnectionsLimit to use NEXT property: niws.loadbalancer.availabilityFilteringRule.activeConnectionsLimit = 2147483647 
2020-05-13 17:17:26 |-INFO in c.n.u.c.ShutdownEnabledTimer::<init>:58 - Shutdown hook installed for: NFLoadBalancer-PingTimer-some-api-service 
2020-05-13 17:17:26 |-INFO in c.n.l.BaseLoadBalancer::initWithConfig:192 - Client: some-api-service instantiated a LoadBalancer: DynamicServerListLoadBalancer:{NFLoadBalancer:name=some-api-service,current list of Servers=[],Load balancer stats=Zone stats: {},Server stats: []}ServerList:null 
2020-05-13 17:17:26 |-INFO in c.n.l.DynamicServerListLoadBalancer::enableAndInitLearnNewServersFeature:222 - Using serverListUpdater PollingServerListUpdater 
2020-05-13 17:17:26 |-INFO in c.n.c.ChainedDynamicProperty$ChainLink::checkAndFlip:115 - Flipping property: some-api-service.ribbon.ActiveConnectionsLimit to use NEXT property: niws.loadbalancer.availabilityFilteringRule.activeConnectionsLimit = 2147483647 
2020-05-13 17:17:26 |-INFO in c.n.l.DynamicServerListLoadBalancer::restOfInit:150 - DynamicServerListLoadBalancer for client some-api-service initialized: DynamicServerListLoadBalancer:{NFLoadBalancer:name=some-api-service,current list of Servers=[192.168.25.204:8086],Load balancer stats=Zone stats: {defaultzone=[Zone:defaultzone;	Instance count:1;	Active connections count: 0;	Circuit breaker tripped count: 0;	Active connections per server: 0.0;]
},Server stats: [[Server:192.168.25.204:8086;	Zone:defaultZone;	Total Requests:0;	Successive connection failure:0;	Total blackout seconds:0;	Last connection made:Thu Jan 01 08:00:00 CST 1970;	First connection made: Thu Jan 01 08:00:00 CST 1970;	Active Connections:0;	total failure count in last (1000) msecs:0;	average resp time:0.0;	90 percentile resp time:0.0;	95 percentile resp time:0.0;	min resp time:0.0;	max resp time:0.0;	stddev resp time:0.0]
]}ServerList:org.springframework.cloud.netflix.ribbon.eureka.DomainExtractingServerList@58574b69 
2020-05-13 17:17:27 |-INFO in com.some.client.SystemStartup::init:16 - 开始启动eureka-client系统。。。 
2020-05-13 17:17:27 |-INFO in com.some.client.SystemStartup::init:21 - eureka-client系统启动完成，耗时：0 
2020-05-13 17:17:27 |-INFO in c.n.c.ChainedDynamicProperty$ChainLink::checkAndFlip:115 - Flipping property: some-api-service.ribbon.ActiveConnectionsLimit to use NEXT property: niws.loadbalancer.availabilityFilteringRule.activeConnectionsLimit = 2147483647 
2020-05-13 17:18:45 |-INFO in c.n.l.PollingServerListUpdater$LazyHolder$2::run:53 - Shutting down the Executor Pool for PollingServerListUpdater 
2020-05-13 17:18:45 |-INFO in o.s.c.s.AbstractApplicationContext::doClose:993 - Closing org.springframework.boot.web.servlet.context.AnnotationConfigServletWebServerApplicationContext@4c7a078: startup date [Wed May 13 17:15:47 CST 2020]; parent: org.springframework.context.annotation.AnnotationConfigApplicationContext@626c44e7 
2020-05-13 17:18:45 |-INFO in o.s.c.n.e.s.EurekaServiceRegistry::deregister:65 - Unregistering application some-api-service with eureka with status DOWN 
2020-05-13 17:18:45 |-WARN in c.n.d.DiscoveryClient$3::notify:1297 - Saw local status change event StatusChangeEvent [timestamp=1589361525910, current=DOWN, previous=UP] 
2020-05-13 17:18:45 |-INFO in c.n.discovery.DiscoveryClient::register:826 - DiscoveryClient_SOME-API-SERVICE/192.168.25.204:some-api-service:8086: registering service... 
2020-05-13 17:18:45 |-INFO in o.s.c.s.DefaultLifecycleProcessor$LifecycleGroup::stop:366 - Stopping beans in phase 2147483647 
2020-05-13 17:18:45 |-INFO in o.s.c.s.DefaultLifecycleProcessor$LifecycleGroup::stop:366 - Stopping beans in phase 0 
2020-05-13 17:18:45 |-INFO in o.s.jmx.export.MBeanExporter::destroy:451 - Unregistering JMX-exposed beans on shutdown 
2020-05-13 17:18:45 |-INFO in o.s.j.s.MBeanRegistrationSupport::unregisterBeans:183 - Unregistering JMX-exposed beans 
2020-05-13 17:18:45 |-INFO in o.s.c.s.AbstractApplicationContext::doClose:993 - Closing SpringClientFactory-some-api-service: startup date [Wed May 13 17:17:26 CST 2020]; parent: org.springframework.boot.web.servlet.context.AnnotationConfigServletWebServerApplicationContext@4c7a078 
2020-05-13 17:18:45 |-INFO in c.n.u.c.ShutdownEnabledTimer::cancel:67 - Shutdown hook removed for: NFLoadBalancer-PingTimer-some-api-service 
2020-05-13 17:18:45 |-INFO in c.n.discovery.DiscoveryClient::register:835 - DiscoveryClient_SOME-API-SERVICE/192.168.25.204:some-api-service:8086 - registration status: 204 
2020-05-13 17:18:45 |-INFO in c.n.u.c.ShutdownEnabledTimer::cancel:72 - Exception caught (might be ok if at shutdown) 
java.lang.IllegalStateException: Shutdown in progress
	at java.lang.ApplicationShutdownHooks.remove(ApplicationShutdownHooks.java:82)
	at java.lang.Runtime.removeShutdownHook(Runtime.java:239)
	at com.netflix.util.concurrent.ShutdownEnabledTimer.cancel(ShutdownEnabledTimer.java:70)
	at com.netflix.loadbalancer.BaseLoadBalancer.cancelPingTask(BaseLoadBalancer.java:613)
	at com.netflix.loadbalancer.BaseLoadBalancer.shutdown(BaseLoadBalancer.java:864)
	at com.netflix.loadbalancer.DynamicServerListLoadBalancer.shutdown(DynamicServerListLoadBalancer.java:285)
	at sun.reflect.NativeMethodAccessorImpl.invoke0(Native Method)
	at sun.reflect.NativeMethodAccessorImpl.invoke(NativeMethodAccessorImpl.java:62)
	at sun.reflect.DelegatingMethodAccessorImpl.invoke(DelegatingMethodAccessorImpl.java:43)
	at java.lang.reflect.Method.invoke(Method.java:498)
	at org.springframework.beans.factory.support.DisposableBeanAdapter.invokeCustomDestroyMethod(DisposableBeanAdapter.java:337)
	at org.springframework.beans.factory.support.DisposableBeanAdapter.destroy(DisposableBeanAdapter.java:271)
	at org.springframework.beans.factory.support.DefaultSingletonBeanRegistry.destroyBean(DefaultSingletonBeanRegistry.java:577)
	at org.springframework.beans.factory.support.DefaultSingletonBeanRegistry.destroySingleton(DefaultSingletonBeanRegistry.java:549)
	at org.springframework.beans.factory.support.DefaultListableBeanFactory.destroySingleton(DefaultListableBeanFactory.java:957)
	at org.springframework.beans.factory.support.DefaultSingletonBeanRegistry.destroySingletons(DefaultSingletonBeanRegistry.java:510)
	at org.springframework.beans.factory.support.DefaultListableBeanFactory.destroySingletons(DefaultListableBeanFactory.java:964)
	at org.springframework.context.support.AbstractApplicationContext.destroyBeans(AbstractApplicationContext.java:1041)
	at org.springframework.context.support.AbstractApplicationContext.doClose(AbstractApplicationContext.java:1017)
	at org.springframework.context.support.AbstractApplicationContext.close(AbstractApplicationContext.java:967)
	at org.springframework.cloud.context.named.NamedContextFactory.destroy(NamedContextFactory.java:76)
	at org.springframework.beans.factory.support.DisposableBeanAdapter.destroy(DisposableBeanAdapter.java:256)
	at org.springframework.beans.factory.support.DefaultSingletonBeanRegistry.destroyBean(DefaultSingletonBeanRegistry.java:577)
	at org.springframework.beans.factory.support.DefaultSingletonBeanRegistry.destroySingleton(DefaultSingletonBeanRegistry.java:549)
	at org.springframework.beans.factory.support.DefaultListableBeanFactory.destroySingleton(DefaultListableBeanFactory.java:957)
	at org.springframework.beans.factory.support.DefaultSingletonBeanRegistry.destroySingletons(DefaultSingletonBeanRegistry.java:510)
	at org.springframework.beans.factory.support.DefaultListableBeanFactory.destroySingletons(DefaultListableBeanFactory.java:964)
	at org.springframework.context.support.AbstractApplicationContext.destroyBeans(AbstractApplicationContext.java:1041)
	at org.springframework.context.support.AbstractApplicationContext.doClose(AbstractApplicationContext.java:1017)
	at org.springframework.context.support.AbstractApplicationContext$1.run(AbstractApplicationContext.java:937)
2020-05-13 17:18:45 |-INFO in o.s.c.s.AbstractApplicationContext::doClose:993 - Closing FeignContext-some-api-service: startup date [Wed May 13 17:15:55 CST 2020]; parent: org.springframework.boot.web.servlet.context.AnnotationConfigServletWebServerApplicationContext@4c7a078 
2020-05-13 17:18:45 |-INFO in c.n.discovery.DiscoveryClient::shutdown:888 - Shutting down DiscoveryClient ... 
2020-05-13 17:18:45 |-WARN in o.s.b.f.a.InitDestroyAnnotationBeanPostProcessor::postProcessBeforeDestruction:163 - Invocation of destroy method failed on bean with name 'scopedTarget.eurekaClient': org.springframework.beans.factory.BeanCreationNotAllowedException: Error creating bean with name 'eurekaInstanceConfigBean': Singleton bean creation not allowed while singletons of this factory are in destruction (Do not request a bean from a BeanFactory in a destroy method implementation!) 
2020-05-13 17:19:31 |-INFO in o.s.c.s.AbstractApplicationContext::prepareRefresh:590 - Refreshing org.springframework.context.annotation.AnnotationConfigApplicationContext@1ecee32c: startup date [Wed May 13 17:19:31 CST 2020]; root of context hierarchy 
2020-05-13 17:19:31 |-INFO in o.s.b.f.a.AutowiredAnnotationBeanPostProcessor::<init>:154 - JSR-330 'javax.inject.Inject' annotation found and supported for autowiring 
2020-05-13 17:19:31 |-INFO in o.s.c.s.PostProcessorRegistrationDelegate$BeanPostProcessorChecker::postProcessAfterInitialization:328 - Bean 'configurationPropertiesRebinderAutoConfiguration' of type [org.springframework.cloud.autoconfigure.ConfigurationPropertiesRebinderAutoConfiguration$$EnhancerBySpringCGLIB$$d32cb359] is not eligible for getting processed by all BeanPostProcessors (for example: not eligible for auto-proxying) 
2020-05-13 17:19:32 |-INFO in o.s.boot.SpringApplication::logStartupProfileInfo:663 - The following profiles are active: kf 
2020-05-13 17:19:32 |-INFO in o.s.c.s.AbstractApplicationContext::prepareRefresh:590 - Refreshing org.springframework.boot.web.servlet.context.AnnotationConfigServletWebServerApplicationContext@29be7749: startup date [Wed May 13 17:19:32 CST 2020]; parent: org.springframework.context.annotation.AnnotationConfigApplicationContext@1ecee32c 
2020-05-13 17:19:34 |-WARN in o.m.s.m.ClassPathMapperScanner::doScan:166 - No MyBatis mapper was found in '[com.some]' package. Please check your configuration. 
2020-05-13 17:19:35 |-INFO in o.s.b.f.s.DefaultListableBeanFactory::registerBeanDefinition:824 - Overriding bean definition for bean 'dataSource' with a different definition: replacing [Root bean: class [null]; scope=refresh; abstract=false; lazyInit=false; autowireMode=3; dependencyCheck=0; autowireCandidate=false; primary=false; factoryBeanName=org.springframework.boot.autoconfigure.jdbc.DataSourceConfiguration$Hikari; factoryMethodName=dataSource; initMethodName=null; destroyMethodName=(inferred); defined in class path resource [org/springframework/boot/autoconfigure/jdbc/DataSourceConfiguration$Hikari.class]] with [Root bean: class [org.springframework.aop.scope.ScopedProxyFactoryBean]; scope=; abstract=false; lazyInit=false; autowireMode=0; dependencyCheck=0; autowireCandidate=true; primary=false; factoryBeanName=null; factoryMethodName=null; initMethodName=null; destroyMethodName=null; defined in BeanDefinition defined in class path resource [org/springframework/boot/autoconfigure/jdbc/DataSourceConfiguration$Hikari.class]] 
2020-05-13 17:19:35 |-INFO in o.s.c.c.scope.GenericScope::setSerializationId:294 - BeanFactory id=78a91682-c2ea-3628-8660-dd077f03ce55 
2020-05-13 17:19:35 |-INFO in o.s.b.f.a.AutowiredAnnotationBeanPostProcessor::<init>:154 - JSR-330 'javax.inject.Inject' annotation found and supported for autowiring 
2020-05-13 17:19:35 |-INFO in o.s.c.s.PostProcessorRegistrationDelegate$BeanPostProcessorChecker::postProcessAfterInitialization:328 - Bean 'org.springframework.transaction.annotation.ProxyTransactionManagementConfiguration' of type [org.springframework.transaction.annotation.ProxyTransactionManagementConfiguration$$EnhancerBySpringCGLIB$$b712b05c] is not eligible for getting processed by all BeanPostProcessors (for example: not eligible for auto-proxying) 
2020-05-13 17:19:36 |-INFO in o.s.c.s.PostProcessorRegistrationDelegate$BeanPostProcessorChecker::postProcessAfterInitialization:328 - Bean 'org.springframework.cloud.autoconfigure.ConfigurationPropertiesRebinderAutoConfiguration' of type [org.springframework.cloud.autoconfigure.ConfigurationPropertiesRebinderAutoConfiguration$$EnhancerBySpringCGLIB$$d32cb359] is not eligible for getting processed by all BeanPostProcessors (for example: not eligible for auto-proxying) 
2020-05-13 17:19:36 |-INFO in o.s.b.w.e.t.TomcatWebServer::initialize:91 - Tomcat initialized with port(s): 8086 (http) 
2020-05-13 17:19:36 |-INFO in o.a.juli.logging.DirectJDKLog::log:180 - Initializing ProtocolHandler ["http-nio-8086"] 
2020-05-13 17:19:36 |-INFO in o.a.juli.logging.DirectJDKLog::log:180 - Starting service [Tomcat] 
2020-05-13 17:19:36 |-INFO in o.a.juli.logging.DirectJDKLog::log:180 - Starting Servlet Engine: Apache Tomcat/8.5.29 
2020-05-13 17:19:36 |-INFO in o.a.juli.logging.DirectJDKLog::log:180 - The APR based Apache Tomcat Native library which allows optimal performance in production environments was not found on the java.library.path: [C:\Program Files\Java\jdk1.8.0_111\jdk1.8.0_111\bin;C:\Windows\Sun\Java\bin;C:\Windows\system32;C:\Windows;C:\Program Files (x86)\Common Files\Oracle\Java\javapath;C:\ProgramData\Oracle\Java\javapath;C:\Windows\system32;C:\Windows;C:\Windows\System32\Wbem;C:\Windows\System32\WindowsPowerShell\v1.0\;C:\Windows\System32\OpenSSH\;C:\Program Files\Java\jdk1.8.0_111\jdk1.8.0_111\bin;C:\Program Files\nodejs\;C:\Program Files\TortoiseSVN\bin;%MYSQL_HOME%\bin;C:\Users\Administrator\AppData\Local\Programs\Python\Python37;D:\gradle-5.5.1-bin\gradle-5.5.1\bin;D:\soft\apache-maven-3.3.3-bin\apache-maven-3.3.3\bin;C:\Program Files\Git\cmd;D:\ffmpeg-win64\bin;C:\Users\Administrator\AppData\Local\Microsoft\WindowsApps;C:\Users\Administrator\AppData\Roaming\npm;C:\Users\Administrator\AppData\Local\Programs\Microsoft VS Code\bin;C:\Users\Administrator\AppData\Local\GitHubDesktop\bin;.] 
2020-05-13 17:19:37 |-INFO in o.a.juli.logging.DirectJDKLog::log:180 - Initializing Spring embedded WebApplicationContext 
2020-05-13 17:19:37 |-INFO in o.s.b.w.s.c.ServletWebServerApplicationContext::prepareWebApplicationContext:285 - Root WebApplicationContext: initialization completed in 4335 ms 
2020-05-13 17:19:38 |-WARN in c.n.c.s.URLConfigurationSource::<init>:121 - No URLs will be polled as dynamic configuration sources. 
2020-05-13 17:19:38 |-INFO in c.n.c.s.URLConfigurationSource::<init>:122 - To enable URLs as dynamic configuration sources, define System property archaius.configurationSource.additionalUrls or make config.properties available on classpath. 
2020-05-13 17:19:38 |-INFO in c.n.c.DynamicPropertyFactory::getInstance:281 - DynamicPropertyFactory is initialized with configuration sources: com.netflix.config.ConcurrentCompositeConfiguration@7ffac794 
2020-05-13 17:19:38 |-ERROR in o.s.b.w.e.tomcat.TomcatStarter::onStartup:62 - Error starting Tomcat context. Exception: org.springframework.beans.factory.BeanCreationException. Message: Error creating bean with name 'servletEndpointRegistrar' defined in class path resource [org/springframework/boot/actuate/autoconfigure/endpoint/web/ServletEndpointManagementContextConfiguration.class]: Bean instantiation via factory method failed; nested exception is org.springframework.beans.BeanInstantiationException: Failed to instantiate [org.springframework.boot.actuate.endpoint.web.ServletEndpointRegistrar]: Factory method 'servletEndpointRegistrar' threw exception; nested exception is org.springframework.beans.factory.BeanCreationException: Error creating bean with name 'healthEndpoint' defined in class path resource [org/springframework/boot/actuate/autoconfigure/health/HealthEndpointConfiguration.class]: Bean instantiation via factory method failed; nested exception is org.springframework.beans.BeanInstantiationException: Failed to instantiate [org.springframework.boot.actuate.health.HealthEndpoint]: Factory method 'healthEndpoint' threw exception; nested exception is org.springframework.beans.factory.BeanCreationException: Error creating bean with name 'org.springframework.boot.actuate.autoconfigure.jdbc.DataSourceHealthIndicatorAutoConfiguration': Bean instantiation via constructor failed; nested exception is org.springframework.beans.BeanInstantiationException: Failed to instantiate [org.springframework.boot.actuate.autoconfigure.jdbc.DataSourceHealthIndicatorAutoConfiguration$$EnhancerBySpringCGLIB$$25f701e2]: Constructor threw exception; nested exception is org.springframework.beans.factory.BeanCreationException: Error creating bean with name 'dataSource': Post-processing of FactoryBean's singleton object failed; nested exception is org.springframework.beans.factory.BeanCreationException: Error creating bean with name 'scopedTarget.dataSource' defined in class path resource [org/springframework/boot/autoconfigure/jdbc/DataSourceConfiguration$Hikari.class]: Initialization of bean failed; nested exception is org.springframework.beans.factory.BeanCreationException: Error creating bean with name 'org.springframework.boot.autoconfigure.jdbc.DataSourceInitializerInvoker': Invocation of init method failed; nested exception is org.springframework.beans.factory.BeanCreationException: Error creating bean with name 'dataSource': Post-processing of FactoryBean's singleton object failed; nested exception is org.springframework.beans.factory.BeanCurrentlyInCreationException: Error creating bean with name 'scopedTarget.dataSource': Requested bean is currently in creation: Is there an unresolvable circular reference? 
2020-05-13 17:19:38 |-INFO in o.a.juli.logging.DirectJDKLog::log:180 - Stopping service [Tomcat] 
2020-05-13 17:19:38 |-WARN in o.s.c.s.AbstractApplicationContext::refresh:558 - Exception encountered during context initialization - cancelling refresh attempt: org.springframework.context.ApplicationContextException: Unable to start web server; nested exception is org.springframework.boot.web.server.WebServerException: Unable to start embedded Tomcat 
2020-05-13 17:19:38 |-INFO in o.s.b.a.l.ConditionEvaluationReportLoggingListener::logAutoConfigurationReport:101 - 

Error starting ApplicationContext. To display the conditions report re-run your application with 'debug' enabled. 
2020-05-13 17:19:38 |-ERROR in o.s.b.d.LoggingFailureAnalysisReporter::report:42 - 

***************************
APPLICATION FAILED TO START
***************************

Description:

The dependencies of some of the beans in the application context form a cycle:

   servletEndpointRegistrar defined in class path resource [org/springframework/boot/actuate/autoconfigure/endpoint/web/ServletEndpointManagementContextConfiguration.class]
      ↓
   healthEndpoint defined in class path resource [org/springframework/boot/actuate/autoconfigure/health/HealthEndpointConfiguration.class]
      ↓
   org.springframework.boot.actuate.autoconfigure.jdbc.DataSourceHealthIndicatorAutoConfiguration
┌─────┐
|  dataSource
↑     ↓
|  scopedTarget.dataSource defined in class path resource [org/springframework/boot/autoconfigure/jdbc/DataSourceConfiguration$Hikari.class]
↑     ↓
|  org.springframework.boot.autoconfigure.jdbc.DataSourceInitializerInvoker
└─────┘

 
2020-05-13 17:28:47 |-INFO in o.s.c.s.AbstractApplicationContext::prepareRefresh:590 - Refreshing org.springframework.context.annotation.AnnotationConfigApplicationContext@447a020: startup date [Wed May 13 17:28:47 CST 2020]; root of context hierarchy 
2020-05-13 17:28:47 |-INFO in o.s.b.f.a.AutowiredAnnotationBeanPostProcessor::<init>:154 - JSR-330 'javax.inject.Inject' annotation found and supported for autowiring 
2020-05-13 17:28:47 |-INFO in o.s.c.s.PostProcessorRegistrationDelegate$BeanPostProcessorChecker::postProcessAfterInitialization:328 - Bean 'configurationPropertiesRebinderAutoConfiguration' of type [org.springframework.cloud.autoconfigure.ConfigurationPropertiesRebinderAutoConfiguration$$EnhancerBySpringCGLIB$$80c69193] is not eligible for getting processed by all BeanPostProcessors (for example: not eligible for auto-proxying) 
2020-05-13 17:28:48 |-INFO in o.s.boot.SpringApplication::logStartupProfileInfo:663 - The following profiles are active: kf 
2020-05-13 17:28:48 |-INFO in o.s.c.s.AbstractApplicationContext::prepareRefresh:590 - Refreshing org.springframework.boot.web.servlet.context.AnnotationConfigServletWebServerApplicationContext@63034ed1: startup date [Wed May 13 17:28:48 CST 2020]; parent: org.springframework.context.annotation.AnnotationConfigApplicationContext@447a020 
2020-05-13 17:28:50 |-INFO in o.s.c.c.scope.GenericScope::setSerializationId:294 - BeanFactory id=8994bdb4-ae0a-3f40-9201-fef02ba54ed5 
2020-05-13 17:28:50 |-INFO in o.s.b.f.a.AutowiredAnnotationBeanPostProcessor::<init>:154 - JSR-330 'javax.inject.Inject' annotation found and supported for autowiring 
2020-05-13 17:28:50 |-INFO in o.s.c.s.PostProcessorRegistrationDelegate$BeanPostProcessorChecker::postProcessAfterInitialization:328 - Bean 'org.springframework.cloud.autoconfigure.ConfigurationPropertiesRebinderAutoConfiguration' of type [org.springframework.cloud.autoconfigure.ConfigurationPropertiesRebinderAutoConfiguration$$EnhancerBySpringCGLIB$$80c69193] is not eligible for getting processed by all BeanPostProcessors (for example: not eligible for auto-proxying) 
2020-05-13 17:28:50 |-INFO in o.s.b.w.e.t.TomcatWebServer::initialize:91 - Tomcat initialized with port(s): 8086 (http) 
2020-05-13 17:28:50 |-INFO in o.a.juli.logging.DirectJDKLog::log:180 - Initializing ProtocolHandler ["http-nio-8086"] 
2020-05-13 17:28:50 |-INFO in o.a.juli.logging.DirectJDKLog::log:180 - Starting service [Tomcat] 
2020-05-13 17:28:50 |-INFO in o.a.juli.logging.DirectJDKLog::log:180 - Starting Servlet Engine: Apache Tomcat/8.5.29 
2020-05-13 17:28:50 |-INFO in o.a.juli.logging.DirectJDKLog::log:180 - The APR based Apache Tomcat Native library which allows optimal performance in production environments was not found on the java.library.path: [C:\Program Files\Java\jdk1.8.0_111\jdk1.8.0_111\bin;C:\Windows\Sun\Java\bin;C:\Windows\system32;C:\Windows;C:\Program Files (x86)\Common Files\Oracle\Java\javapath;C:\ProgramData\Oracle\Java\javapath;C:\Windows\system32;C:\Windows;C:\Windows\System32\Wbem;C:\Windows\System32\WindowsPowerShell\v1.0\;C:\Windows\System32\OpenSSH\;C:\Program Files\Java\jdk1.8.0_111\jdk1.8.0_111\bin;C:\Program Files\nodejs\;C:\Program Files\TortoiseSVN\bin;%MYSQL_HOME%\bin;C:\Users\Administrator\AppData\Local\Programs\Python\Python37;D:\gradle-5.5.1-bin\gradle-5.5.1\bin;D:\soft\apache-maven-3.3.3-bin\apache-maven-3.3.3\bin;C:\Program Files\Git\cmd;D:\ffmpeg-win64\bin;C:\Users\Administrator\AppData\Local\Microsoft\WindowsApps;C:\Users\Administrator\AppData\Roaming\npm;C:\Users\Administrator\AppData\Local\Programs\Microsoft VS Code\bin;C:\Users\Administrator\AppData\Local\GitHubDesktop\bin;.] 
2020-05-13 17:28:51 |-INFO in o.a.juli.logging.DirectJDKLog::log:180 - Initializing Spring embedded WebApplicationContext 
2020-05-13 17:28:51 |-INFO in o.s.b.w.s.c.ServletWebServerApplicationContext::prepareWebApplicationContext:285 - Root WebApplicationContext: initialization completed in 2734 ms 
2020-05-13 17:28:53 |-WARN in c.n.c.s.URLConfigurationSource::<init>:121 - No URLs will be polled as dynamic configuration sources. 
2020-05-13 17:28:53 |-INFO in c.n.c.s.URLConfigurationSource::<init>:122 - To enable URLs as dynamic configuration sources, define System property archaius.configurationSource.additionalUrls or make config.properties available on classpath. 
2020-05-13 17:28:53 |-INFO in c.n.c.DynamicPropertyFactory::getInstance:281 - DynamicPropertyFactory is initialized with configuration sources: com.netflix.config.ConcurrentCompositeConfiguration@126255c3 
2020-05-13 17:28:56 |-INFO in o.s.b.w.s.ServletRegistrationBean::addRegistration:185 - Servlet dispatcherServlet mapped to [/] 
2020-05-13 17:28:56 |-INFO in o.s.b.w.s.AbstractFilterRegistrationBean::configure:244 - Mapping filter: 'characterEncodingFilter' to: [/*] 
2020-05-13 17:28:56 |-INFO in o.s.b.w.s.AbstractFilterRegistrationBean::configure:244 - Mapping filter: 'hiddenHttpMethodFilter' to: [/*] 
2020-05-13 17:28:56 |-INFO in o.s.b.w.s.AbstractFilterRegistrationBean::configure:244 - Mapping filter: 'httpPutFormContentFilter' to: [/*] 
2020-05-13 17:28:56 |-INFO in o.s.b.w.s.AbstractFilterRegistrationBean::configure:244 - Mapping filter: 'requestContextFilter' to: [/*] 
2020-05-13 17:28:56 |-INFO in o.s.b.w.s.AbstractFilterRegistrationBean::configure:244 - Mapping filter: 'httpTraceFilter' to: [/*] 
2020-05-13 17:28:56 |-INFO in o.s.b.w.s.AbstractFilterRegistrationBean::configure:244 - Mapping filter: 'webMvcMetricsFilter' to: [/*] 
2020-05-13 17:28:56 |-INFO in o.s.c.s.AbstractApplicationContext::prepareRefresh:590 - Refreshing FeignContext-some-api-service: startup date [Wed May 13 17:28:56 CST 2020]; parent: org.springframework.boot.web.servlet.context.AnnotationConfigServletWebServerApplicationContext@63034ed1 
2020-05-13 17:28:56 |-INFO in o.s.b.f.a.AutowiredAnnotationBeanPostProcessor::<init>:154 - JSR-330 'javax.inject.Inject' annotation found and supported for autowiring 
2020-05-13 17:28:57 |-INFO in o.s.w.s.h.AbstractHandlerMethodMapping$MappingRegistry::register:547 - Mapped "{[/test/get],methods=[GET]}" onto public com.some.common.result.RespResult<java.lang.String> com.some.client.core.controller.TestController.get() 
2020-05-13 17:28:57 |-INFO in o.s.w.s.h.AbstractHandlerMethodMapping$MappingRegistry::register:547 - Mapped "{[/test/feignGet],methods=[GET]}" onto public com.some.common.result.RespResult<java.lang.String> com.some.client.core.controller.TestController.feignGet() 
2020-05-13 17:28:57 |-INFO in o.s.w.s.h.AbstractHandlerMethodMapping$MappingRegistry::register:547 - Mapped "{[/swagger-resources/configuration/ui]}" onto public org.springframework.http.ResponseEntity<springfox.documentation.swagger.web.UiConfiguration> springfox.documentation.swagger.web.ApiResourceController.uiConfiguration() 
2020-05-13 17:28:57 |-INFO in o.s.w.s.h.AbstractHandlerMethodMapping$MappingRegistry::register:547 - Mapped "{[/swagger-resources]}" onto public org.springframework.http.ResponseEntity<java.util.List<springfox.documentation.swagger.web.SwaggerResource>> springfox.documentation.swagger.web.ApiResourceController.swaggerResources() 
2020-05-13 17:28:57 |-INFO in o.s.w.s.h.AbstractHandlerMethodMapping$MappingRegistry::register:547 - Mapped "{[/swagger-resources/configuration/security]}" onto public org.springframework.http.ResponseEntity<springfox.documentation.swagger.web.SecurityConfiguration> springfox.documentation.swagger.web.ApiResourceController.securityConfiguration() 
2020-05-13 17:28:57 |-INFO in o.s.w.s.h.AbstractHandlerMethodMapping$MappingRegistry::register:547 - Mapped "{[/error]}" onto public org.springframework.http.ResponseEntity<java.util.Map<java.lang.String, java.lang.Object>> org.springframework.boot.autoconfigure.web.servlet.error.BasicErrorController.error(javax.servlet.http.HttpServletRequest) 
2020-05-13 17:28:57 |-INFO in o.s.w.s.h.AbstractHandlerMethodMapping$MappingRegistry::register:547 - Mapped "{[/error],produces=[text/html]}" onto public org.springframework.web.servlet.ModelAndView org.springframework.boot.autoconfigure.web.servlet.error.BasicErrorController.errorHtml(javax.servlet.http.HttpServletRequest,javax.servlet.http.HttpServletResponse) 
2020-05-13 17:28:57 |-INFO in o.s.b.a.e.w.EndpointLinksResolver::<init>:59 - Exposing 19 endpoint(s) beneath base path '/actuator' 
2020-05-13 17:28:57 |-INFO in o.s.w.s.h.AbstractHandlerMethodMapping$MappingRegistry::register:547 - Mapped "{[/actuator/archaius],methods=[GET],produces=[application/vnd.spring-boot.actuator.v2+json || application/json]}" onto public java.lang.Object org.springframework.boot.actuate.endpoint.web.servlet.AbstractWebMvcEndpointHandlerMapping$OperationHandler.handle(javax.servlet.http.HttpServletRequest,java.util.Map<java.lang.String, java.lang.String>) 
2020-05-13 17:28:57 |-INFO in o.s.w.s.h.AbstractHandlerMethodMapping$MappingRegistry::register:547 - Mapped "{[/actuator/auditevents],methods=[GET],produces=[application/vnd.spring-boot.actuator.v2+json || application/json]}" onto public java.lang.Object org.springframework.boot.actuate.endpoint.web.servlet.AbstractWebMvcEndpointHandlerMapping$OperationHandler.handle(javax.servlet.http.HttpServletRequest,java.util.Map<java.lang.String, java.lang.String>) 
2020-05-13 17:28:57 |-INFO in o.s.w.s.h.AbstractHandlerMethodMapping$MappingRegistry::register:547 - Mapped "{[/actuator/beans],methods=[GET],produces=[application/vnd.spring-boot.actuator.v2+json || application/json]}" onto public java.lang.Object org.springframework.boot.actuate.endpoint.web.servlet.AbstractWebMvcEndpointHandlerMapping$OperationHandler.handle(javax.servlet.http.HttpServletRequest,java.util.Map<java.lang.String, java.lang.String>) 
2020-05-13 17:28:57 |-INFO in o.s.w.s.h.AbstractHandlerMethodMapping$MappingRegistry::register:547 - Mapped "{[/actuator/health],methods=[GET],produces=[application/vnd.spring-boot.actuator.v2+json || application/json]}" onto public java.lang.Object org.springframework.boot.actuate.endpoint.web.servlet.AbstractWebMvcEndpointHandlerMapping$OperationHandler.handle(javax.servlet.http.HttpServletRequest,java.util.Map<java.lang.String, java.lang.String>) 
2020-05-13 17:28:57 |-INFO in o.s.w.s.h.AbstractHandlerMethodMapping$MappingRegistry::register:547 - Mapped "{[/actuator/conditions],methods=[GET],produces=[application/vnd.spring-boot.actuator.v2+json || application/json]}" onto public java.lang.Object org.springframework.boot.actuate.endpoint.web.servlet.AbstractWebMvcEndpointHandlerMapping$OperationHandler.handle(javax.servlet.http.HttpServletRequest,java.util.Map<java.lang.String, java.lang.String>) 
2020-05-13 17:28:57 |-INFO in o.s.w.s.h.AbstractHandlerMethodMapping$MappingRegistry::register:547 - Mapped "{[/actuator/shutdown],methods=[POST],produces=[application/vnd.spring-boot.actuator.v2+json || application/json]}" onto public java.lang.Object org.springframework.boot.actuate.endpoint.web.servlet.AbstractWebMvcEndpointHandlerMapping$OperationHandler.handle(javax.servlet.http.HttpServletRequest,java.util.Map<java.lang.String, java.lang.String>) 
2020-05-13 17:28:57 |-INFO in o.s.w.s.h.AbstractHandlerMethodMapping$MappingRegistry::register:547 - Mapped "{[/actuator/configprops],methods=[GET],produces=[application/vnd.spring-boot.actuator.v2+json || application/json]}" onto public java.lang.Object org.springframework.boot.actuate.endpoint.web.servlet.AbstractWebMvcEndpointHandlerMapping$OperationHandler.handle(javax.servlet.http.HttpServletRequest,java.util.Map<java.lang.String, java.lang.String>) 
2020-05-13 17:28:57 |-INFO in o.s.w.s.h.AbstractHandlerMethodMapping$MappingRegistry::register:547 - Mapped "{[/actuator/env],methods=[GET],produces=[application/vnd.spring-boot.actuator.v2+json || application/json]}" onto public java.lang.Object org.springframework.boot.actuate.endpoint.web.servlet.AbstractWebMvcEndpointHandlerMapping$OperationHandler.handle(javax.servlet.http.HttpServletRequest,java.util.Map<java.lang.String, java.lang.String>) 
2020-05-13 17:28:57 |-INFO in o.s.w.s.h.AbstractHandlerMethodMapping$MappingRegistry::register:547 - Mapped "{[/actuator/env/{toMatch}],methods=[GET],produces=[application/vnd.spring-boot.actuator.v2+json || application/json]}" onto public java.lang.Object org.springframework.boot.actuate.endpoint.web.servlet.AbstractWebMvcEndpointHandlerMapping$OperationHandler.handle(javax.servlet.http.HttpServletRequest,java.util.Map<java.lang.String, java.lang.String>) 
2020-05-13 17:28:57 |-INFO in o.s.w.s.h.AbstractHandlerMethodMapping$MappingRegistry::register:547 - Mapped "{[/actuator/env],methods=[POST],consumes=[application/vnd.spring-boot.actuator.v2+json || application/json],produces=[application/vnd.spring-boot.actuator.v2+json || application/json]}" onto public java.lang.Object org.springframework.boot.actuate.endpoint.web.servlet.AbstractWebMvcEndpointHandlerMapping$OperationHandler.handle(javax.servlet.http.HttpServletRequest,java.util.Map<java.lang.String, java.lang.String>) 
2020-05-13 17:28:57 |-INFO in o.s.w.s.h.AbstractHandlerMethodMapping$MappingRegistry::register:547 - Mapped "{[/actuator/env],methods=[DELETE],produces=[application/vnd.spring-boot.actuator.v2+json || application/json]}" onto public java.lang.Object org.springframework.boot.actuate.endpoint.web.servlet.AbstractWebMvcEndpointHandlerMapping$OperationHandler.handle(javax.servlet.http.HttpServletRequest,java.util.Map<java.lang.String, java.lang.String>) 
2020-05-13 17:28:57 |-INFO in o.s.w.s.h.AbstractHandlerMethodMapping$MappingRegistry::register:547 - Mapped "{[/actuator/info],methods=[GET],produces=[application/vnd.spring-boot.actuator.v2+json || application/json]}" onto public java.lang.Object org.springframework.boot.actuate.endpoint.web.servlet.AbstractWebMvcEndpointHandlerMapping$OperationHandler.handle(javax.servlet.http.HttpServletRequest,java.util.Map<java.lang.String, java.lang.String>) 
2020-05-13 17:28:57 |-INFO in o.s.w.s.h.AbstractHandlerMethodMapping$MappingRegistry::register:547 - Mapped "{[/actuator/loggers],methods=[GET],produces=[application/vnd.spring-boot.actuator.v2+json || application/json]}" onto public java.lang.Object org.springframework.boot.actuate.endpoint.web.servlet.AbstractWebMvcEndpointHandlerMapping$OperationHandler.handle(javax.servlet.http.HttpServletRequest,java.util.Map<java.lang.String, java.lang.String>) 
2020-05-13 17:28:57 |-INFO in o.s.w.s.h.AbstractHandlerMethodMapping$MappingRegistry::register:547 - Mapped "{[/actuator/loggers/{name}],methods=[POST],consumes=[application/vnd.spring-boot.actuator.v2+json || application/json]}" onto public java.lang.Object org.springframework.boot.actuate.endpoint.web.servlet.AbstractWebMvcEndpointHandlerMapping$OperationHandler.handle(javax.servlet.http.HttpServletRequest,java.util.Map<java.lang.String, java.lang.String>) 
2020-05-13 17:28:57 |-INFO in o.s.w.s.h.AbstractHandlerMethodMapping$MappingRegistry::register:547 - Mapped "{[/actuator/loggers/{name}],methods=[GET],produces=[application/vnd.spring-boot.actuator.v2+json || application/json]}" onto public java.lang.Object org.springframework.boot.actuate.endpoint.web.servlet.AbstractWebMvcEndpointHandlerMapping$OperationHandler.handle(javax.servlet.http.HttpServletRequest,java.util.Map<java.lang.String, java.lang.String>) 
2020-05-13 17:28:57 |-INFO in o.s.w.s.h.AbstractHandlerMethodMapping$MappingRegistry::register:547 - Mapped "{[/actuator/heapdump],methods=[GET],produces=[application/octet-stream]}" onto public java.lang.Object org.springframework.boot.actuate.endpoint.web.servlet.AbstractWebMvcEndpointHandlerMapping$OperationHandler.handle(javax.servlet.http.HttpServletRequest,java.util.Map<java.lang.String, java.lang.String>) 
2020-05-13 17:28:57 |-INFO in o.s.w.s.h.AbstractHandlerMethodMapping$MappingRegistry::register:547 - Mapped "{[/actuator/threaddump],methods=[GET],produces=[application/vnd.spring-boot.actuator.v2+json || application/json]}" onto public java.lang.Object org.springframework.boot.actuate.endpoint.web.servlet.AbstractWebMvcEndpointHandlerMapping$OperationHandler.handle(javax.servlet.http.HttpServletRequest,java.util.Map<java.lang.String, java.lang.String>) 
2020-05-13 17:28:57 |-INFO in o.s.w.s.h.AbstractHandlerMethodMapping$MappingRegistry::register:547 - Mapped "{[/actuator/metrics/{requiredMetricName}],methods=[GET],produces=[application/vnd.spring-boot.actuator.v2+json || application/json]}" onto public java.lang.Object org.springframework.boot.actuate.endpoint.web.servlet.AbstractWebMvcEndpointHandlerMapping$OperationHandler.handle(javax.servlet.http.HttpServletRequest,java.util.Map<java.lang.String, java.lang.String>) 
2020-05-13 17:28:57 |-INFO in o.s.w.s.h.AbstractHandlerMethodMapping$MappingRegistry::register:547 - Mapped "{[/actuator/metrics],methods=[GET],produces=[application/vnd.spring-boot.actuator.v2+json || application/json]}" onto public java.lang.Object org.springframework.boot.actuate.endpoint.web.servlet.AbstractWebMvcEndpointHandlerMapping$OperationHandler.handle(javax.servlet.http.HttpServletRequest,java.util.Map<java.lang.String, java.lang.String>) 
2020-05-13 17:28:57 |-INFO in o.s.w.s.h.AbstractHandlerMethodMapping$MappingRegistry::register:547 - Mapped "{[/actuator/scheduledtasks],methods=[GET],produces=[application/vnd.spring-boot.actuator.v2+json || application/json]}" onto public java.lang.Object org.springframework.boot.actuate.endpoint.web.servlet.AbstractWebMvcEndpointHandlerMapping$OperationHandler.handle(javax.servlet.http.HttpServletRequest,java.util.Map<java.lang.String, java.lang.String>) 
2020-05-13 17:28:57 |-INFO in o.s.w.s.h.AbstractHandlerMethodMapping$MappingRegistry::register:547 - Mapped "{[/actuator/httptrace],methods=[GET],produces=[application/vnd.spring-boot.actuator.v2+json || application/json]}" onto public java.lang.Object org.springframework.boot.actuate.endpoint.web.servlet.AbstractWebMvcEndpointHandlerMapping$OperationHandler.handle(javax.servlet.http.HttpServletRequest,java.util.Map<java.lang.String, java.lang.String>) 
2020-05-13 17:28:57 |-INFO in o.s.w.s.h.AbstractHandlerMethodMapping$MappingRegistry::register:547 - Mapped "{[/actuator/mappings],methods=[GET],produces=[application/vnd.spring-boot.actuator.v2+json || application/json]}" onto public java.lang.Object org.springframework.boot.actuate.endpoint.web.servlet.AbstractWebMvcEndpointHandlerMapping$OperationHandler.handle(javax.servlet.http.HttpServletRequest,java.util.Map<java.lang.String, java.lang.String>) 
2020-05-13 17:28:57 |-INFO in o.s.w.s.h.AbstractHandlerMethodMapping$MappingRegistry::register:547 - Mapped "{[/actuator/refresh],methods=[POST],produces=[application/vnd.spring-boot.actuator.v2+json || application/json]}" onto public java.lang.Object org.springframework.boot.actuate.endpoint.web.servlet.AbstractWebMvcEndpointHandlerMapping$OperationHandler.handle(javax.servlet.http.HttpServletRequest,java.util.Map<java.lang.String, java.lang.String>) 
2020-05-13 17:28:57 |-INFO in o.s.w.s.h.AbstractHandlerMethodMapping$MappingRegistry::register:547 - Mapped "{[/actuator/features],methods=[GET],produces=[application/vnd.spring-boot.actuator.v2+json || application/json]}" onto public java.lang.Object org.springframework.boot.actuate.endpoint.web.servlet.AbstractWebMvcEndpointHandlerMapping$OperationHandler.handle(javax.servlet.http.HttpServletRequest,java.util.Map<java.lang.String, java.lang.String>) 
2020-05-13 17:28:57 |-INFO in o.s.w.s.h.AbstractHandlerMethodMapping$MappingRegistry::register:547 - Mapped "{[/actuator/service-registry],methods=[GET],produces=[application/vnd.spring-boot.actuator.v2+json || application/json]}" onto public java.lang.Object org.springframework.boot.actuate.endpoint.web.servlet.AbstractWebMvcEndpointHandlerMapping$OperationHandler.handle(javax.servlet.http.HttpServletRequest,java.util.Map<java.lang.String, java.lang.String>) 
2020-05-13 17:28:57 |-INFO in o.s.w.s.h.AbstractHandlerMethodMapping$MappingRegistry::register:547 - Mapped "{[/actuator/service-registry],methods=[POST],consumes=[application/vnd.spring-boot.actuator.v2+json || application/json],produces=[application/vnd.spring-boot.actuator.v2+json || application/json]}" onto public java.lang.Object org.springframework.boot.actuate.endpoint.web.servlet.AbstractWebMvcEndpointHandlerMapping$OperationHandler.handle(javax.servlet.http.HttpServletRequest,java.util.Map<java.lang.String, java.lang.String>) 
2020-05-13 17:28:57 |-INFO in o.s.w.s.h.AbstractHandlerMethodMapping$MappingRegistry::register:547 - Mapped "{[/actuator],methods=[GET],produces=[application/vnd.spring-boot.actuator.v2+json || application/json]}" onto protected java.util.Map<java.lang.String, java.util.Map<java.lang.String, org.springframework.boot.actuate.endpoint.web.Link>> org.springframework.boot.actuate.endpoint.web.servlet.WebMvcEndpointHandlerMapping.links(javax.servlet.http.HttpServletRequest,javax.servlet.http.HttpServletResponse) 
2020-05-13 17:28:57 |-INFO in s.d.s.w.PropertySourcedRequestMappingHandlerMapping::initHandlerMethods:69 - Mapped URL path [/v2/api-docs] onto method [public org.springframework.http.ResponseEntity<springfox.documentation.spring.web.json.Json> springfox.documentation.swagger2.web.Swagger2Controller.getDocumentation(java.lang.String,javax.servlet.http.HttpServletRequest)] 
2020-05-13 17:28:57 |-WARN in c.n.c.s.URLConfigurationSource::<init>:121 - No URLs will be polled as dynamic configuration sources. 
2020-05-13 17:28:57 |-INFO in c.n.c.s.URLConfigurationSource::<init>:122 - To enable URLs as dynamic configuration sources, define System property archaius.configurationSource.additionalUrls or make config.properties available on classpath. 
2020-05-13 17:28:57 |-INFO in o.s.w.s.h.AbstractUrlHandlerMapping::registerHandler:373 - Mapped URL path [/**/favicon.ico] onto handler of type [class org.springframework.web.servlet.resource.ResourceHttpRequestHandler] 
2020-05-13 17:28:57 |-INFO in o.s.w.s.m.m.a.RequestMappingHandlerAdapter::initControllerAdviceCache:574 - Looking for @ControllerAdvice: org.springframework.boot.web.servlet.context.AnnotationConfigServletWebServerApplicationContext@63034ed1: startup date [Wed May 13 17:28:48 CST 2020]; parent: org.springframework.context.annotation.AnnotationConfigApplicationContext@447a020 
2020-05-13 17:28:58 |-INFO in o.s.w.s.h.AbstractUrlHandlerMapping::registerHandler:373 - Mapped URL path [/webjars/**] onto handler of type [class org.springframework.web.servlet.resource.ResourceHttpRequestHandler] 
2020-05-13 17:28:58 |-INFO in o.s.w.s.h.AbstractUrlHandlerMapping::registerHandler:373 - Mapped URL path [/**] onto handler of type [class org.springframework.web.servlet.resource.ResourceHttpRequestHandler] 
2020-05-13 17:28:58 |-INFO in o.s.jmx.export.MBeanExporter::afterSingletonsInstantiated:433 - Registering beans for JMX exposure on startup 
2020-05-13 17:28:58 |-INFO in o.s.jmx.export.MBeanExporter::autodetect:895 - Bean with name 'environmentManager' has been autodetected for JMX exposure 
2020-05-13 17:28:58 |-INFO in o.s.jmx.export.MBeanExporter::autodetect:895 - Bean with name 'configurationPropertiesRebinder' has been autodetected for JMX exposure 
2020-05-13 17:28:58 |-INFO in o.s.jmx.export.MBeanExporter::autodetect:895 - Bean with name 'refreshScope' has been autodetected for JMX exposure 
2020-05-13 17:28:58 |-INFO in o.s.jmx.export.MBeanExporter::registerBeanInstance:675 - Located managed bean 'environmentManager': registering with JMX server as MBean [org.springframework.cloud.context.environment:name=environmentManager,type=EnvironmentManager] 
2020-05-13 17:28:58 |-INFO in o.s.jmx.export.MBeanExporter::registerBeanInstance:675 - Located managed bean 'refreshScope': registering with JMX server as MBean [org.springframework.cloud.context.scope.refresh:name=refreshScope,type=RefreshScope] 
2020-05-13 17:28:58 |-INFO in o.s.jmx.export.MBeanExporter::registerBeanInstance:675 - Located managed bean 'configurationPropertiesRebinder': registering with JMX server as MBean [org.springframework.cloud.context.properties:name=configurationPropertiesRebinder,context=63034ed1,type=ConfigurationPropertiesRebinder] 
2020-05-13 17:28:58 |-INFO in o.s.c.s.DefaultLifecycleProcessor$LifecycleGroup::start:351 - Starting beans in phase 0 
2020-05-13 17:28:58 |-INFO in o.s.c.n.e.InstanceInfoFactory::create:71 - Setting initial instance status as: STARTING 
2020-05-13 17:28:58 |-INFO in c.n.discovery.DiscoveryClient::<init>:349 - Initializing Eureka in region us-east-1 
2020-05-13 17:28:59 |-INFO in c.n.d.p.DiscoveryJerseyProvider::<init>:70 - Using JSON encoding codec LegacyJacksonJson 
2020-05-13 17:28:59 |-INFO in c.n.d.p.DiscoveryJerseyProvider::<init>:71 - Using JSON decoding codec LegacyJacksonJson 
2020-05-13 17:28:59 |-INFO in c.n.d.p.DiscoveryJerseyProvider::<init>:80 - Using XML encoding codec XStreamXml 
2020-05-13 17:28:59 |-INFO in c.n.d.p.DiscoveryJerseyProvider::<init>:81 - Using XML decoding codec XStreamXml 
2020-05-13 17:28:59 |-INFO in c.n.d.s.r.a.ConfigClusterResolver::getClusterEndpoints:43 - Resolving eureka endpoints via configuration 
2020-05-13 17:28:59 |-INFO in c.n.discovery.DiscoveryClient::fetchRegistry:958 - Disable delta property : false 
2020-05-13 17:28:59 |-INFO in c.n.discovery.DiscoveryClient::fetchRegistry:959 - Single vip registry refresh property : null 
2020-05-13 17:28:59 |-INFO in c.n.discovery.DiscoveryClient::fetchRegistry:960 - Force full registry fetch : false 
2020-05-13 17:28:59 |-INFO in c.n.discovery.DiscoveryClient::fetchRegistry:961 - Application is null : false 
2020-05-13 17:28:59 |-INFO in c.n.discovery.DiscoveryClient::fetchRegistry:962 - Registered Applications size is zero : true 
2020-05-13 17:28:59 |-INFO in c.n.discovery.DiscoveryClient::fetchRegistry:964 - Application version is -1: true 
2020-05-13 17:28:59 |-INFO in c.n.discovery.DiscoveryClient::getAndStoreFullRegistry:1047 - Getting all instance registry info from the eureka server 
2020-05-13 17:29:00 |-INFO in c.n.discovery.DiscoveryClient::getAndStoreFullRegistry:1056 - The response status is 200 
2020-05-13 17:29:00 |-INFO in c.n.discovery.DiscoveryClient::initScheduledTasks:1264 - Starting heartbeat executor: renew interval is: 30 
2020-05-13 17:29:00 |-INFO in c.n.d.InstanceInfoReplicator::<init>:60 - InstanceInfoReplicator onDemand update allowed rate per min is 4 
2020-05-13 17:29:00 |-INFO in c.n.discovery.DiscoveryClient::<init>:449 - Discovery Client initialized at timestamp 1589362140265 with initial instances count: 2 
2020-05-13 17:29:00 |-INFO in o.s.c.n.e.s.EurekaServiceRegistry::register:42 - Registering application some-api-service with eureka with status UP 
2020-05-13 17:29:00 |-INFO in c.n.d.DiscoveryClient$3::notify:1299 - Saw local status change event StatusChangeEvent [timestamp=1589362140274, current=UP, previous=STARTING] 
2020-05-13 17:29:00 |-INFO in c.n.discovery.DiscoveryClient::register:826 - DiscoveryClient_SOME-API-SERVICE/192.168.25.204:some-api-service:8086: registering service... 
2020-05-13 17:29:00 |-INFO in o.s.c.s.DefaultLifecycleProcessor$LifecycleGroup::start:351 - Starting beans in phase 2147483647 
2020-05-13 17:29:00 |-INFO in s.d.s.w.p.DocumentationPluginsBootstrapper::start:160 - Context refreshed 
2020-05-13 17:29:00 |-INFO in s.d.s.w.p.DocumentationPluginsBootstrapper::start:163 - Found 1 custom documentation plugin(s) 
2020-05-13 17:29:00 |-INFO in c.n.discovery.DiscoveryClient::register:835 - DiscoveryClient_SOME-API-SERVICE/192.168.25.204:some-api-service:8086 - registration status: 204 
2020-05-13 17:29:00 |-INFO in s.d.s.w.s.ApiListingReferenceScanner::scan:41 - Scanning for api listing references 
2020-05-13 17:29:00 |-INFO in com.some.client.SystemStartup::init:16 - 开始启动eureka-client系统。。。 
2020-05-13 17:29:00 |-INFO in com.some.client.SystemStartup::init:21 - eureka-client系统启动完成，耗时：0 
2020-05-13 17:29:00 |-INFO in o.a.juli.logging.DirectJDKLog::log:180 - Starting ProtocolHandler ["http-nio-8086"] 
2020-05-13 17:29:00 |-INFO in o.a.juli.logging.DirectJDKLog::log:180 - Using a shared selector for servlet write/read 
2020-05-13 17:29:00 |-INFO in o.s.b.w.e.t.TomcatWebServer::start:206 - Tomcat started on port(s): 8086 (http) with context path '' 
2020-05-13 17:29:00 |-INFO in o.s.c.n.e.s.EurekaAutoServiceRegistration::onApplicationEvent:124 - Updating port to 8086 
2020-05-13 17:29:00 |-INFO in o.s.boot.StartupInfoLogger::logStarted:59 - Started ClientBootMyApplication in 14.556 seconds (JVM running for 16.756) 
2020-05-13 17:29:01 |-INFO in o.a.juli.logging.DirectJDKLog::log:180 - Initializing Spring FrameworkServlet 'dispatcherServlet' 
2020-05-13 17:29:01 |-INFO in o.s.w.servlet.FrameworkServlet::initServletBean:494 - FrameworkServlet 'dispatcherServlet': initialization started 
2020-05-13 17:29:01 |-INFO in o.s.w.servlet.FrameworkServlet::initServletBean:509 - FrameworkServlet 'dispatcherServlet': initialization completed in 35 ms 
