2020-05-13 17:21:27 |-INFO in o.s.c.s.AbstractApplicationContext::prepareRefresh:590 - Refreshing org.springframework.context.annotation.AnnotationConfigApplicationContext@635572a7: startup date [Wed May 13 17:21:27 CST 2020]; root of context hierarchy 
2020-05-13 17:21:27 |-INFO in o.s.b.f.a.AutowiredAnnotationBeanPostProcessor::<init>:154 - JSR-330 'javax.inject.Inject' annotation found and supported for autowiring 
2020-05-13 17:21:27 |-INFO in o.s.c.s.PostProcessorRegistrationDelegate$BeanPostProcessorChecker::postProcessAfterInitialization:328 - Bean 'configurationPropertiesRebinderAutoConfiguration' of type [org.springframework.cloud.autoconfigure.ConfigurationPropertiesRebinderAutoConfiguration$$EnhancerBySpringCGLIB$$b85169cb] is not eligible for getting processed by all BeanPostProcessors (for example: not eligible for auto-proxying) 
2020-05-13 17:21:28 |-INFO in o.s.boot.SpringApplication::logStartupProfileInfo:663 - The following profiles are active: kf 
2020-05-13 17:21:28 |-INFO in o.s.c.s.AbstractApplicationContext::prepareRefresh:590 - Refreshing org.springframework.boot.web.reactive.context.AnnotationConfigReactiveWebServerApplicationContext@1b70203f: startup date [Wed May 13 17:21:28 CST 2020]; parent: org.springframework.context.annotation.AnnotationConfigApplicationContext@635572a7 
2020-05-13 17:21:29 |-INFO in o.s.c.c.scope.GenericScope::setSerializationId:294 - BeanFactory id=ea8f2f74-a634-3a95-a4ea-f35b0e69a825 
2020-05-13 17:21:29 |-INFO in o.s.b.f.a.AutowiredAnnotationBeanPostProcessor::<init>:154 - JSR-330 'javax.inject.Inject' annotation found and supported for autowiring 
2020-05-13 17:21:29 |-INFO in o.s.c.s.PostProcessorRegistrationDelegate$BeanPostProcessorChecker::postProcessAfterInitialization:328 - Bean 'org.springframework.cloud.autoconfigure.ConfigurationPropertiesRebinderAutoConfiguration' of type [org.springframework.cloud.autoconfigure.ConfigurationPropertiesRebinderAutoConfiguration$$EnhancerBySpringCGLIB$$b85169cb] is not eligible for getting processed by all BeanPostProcessors (for example: not eligible for auto-proxying) 
2020-05-13 17:21:29 |-INFO in o.s.w.r.r.m.AbstractHandlerMethodMapping$MappingRegistry::register:468 - Mapped "{[/fallback]}" onto public reactor.core.publisher.Mono<java.lang.String> some.movie.hystrix.FallbackController.fallback(org.springframework.web.server.ServerWebExchange) 
2020-05-13 17:21:29 |-INFO in o.s.w.r.h.AbstractUrlHandlerMapping::registerHandler:211 - Mapped URL path [/webjars/**] onto handler of type [class org.springframework.web.reactive.resource.ResourceWebHandler] 
2020-05-13 17:21:29 |-INFO in o.s.w.r.h.AbstractUrlHandlerMapping::registerHandler:211 - Mapped URL path [/**] onto handler of type [class org.springframework.web.reactive.resource.ResourceWebHandler] 
2020-05-13 17:21:31 |-WARN in c.n.c.s.URLConfigurationSource::<init>:121 - No URLs will be polled as dynamic configuration sources. 
2020-05-13 17:21:31 |-INFO in c.n.c.s.URLConfigurationSource::<init>:122 - To enable URLs as dynamic configuration sources, define System property archaius.configurationSource.additionalUrls or make config.properties available on classpath. 
2020-05-13 17:21:31 |-INFO in c.n.c.DynamicPropertyFactory::getInstance:281 - DynamicPropertyFactory is initialized with configuration sources: com.netflix.config.ConcurrentCompositeConfiguration@6870cfac 
2020-05-13 17:21:31 |-INFO in o.s.c.g.r.RouteDefinitionRouteLocator::lambda$initFactories$1:102 - Loaded RoutePredicateFactory [My] 
2020-05-13 17:21:31 |-INFO in o.s.c.g.r.RouteDefinitionRouteLocator::lambda$initFactories$1:102 - Loaded RoutePredicateFactory [After] 
2020-05-13 17:21:31 |-INFO in o.s.c.g.r.RouteDefinitionRouteLocator::lambda$initFactories$1:102 - Loaded RoutePredicateFactory [Before] 
2020-05-13 17:21:31 |-INFO in o.s.c.g.r.RouteDefinitionRouteLocator::lambda$initFactories$1:102 - Loaded RoutePredicateFactory [Between] 
2020-05-13 17:21:31 |-INFO in o.s.c.g.r.RouteDefinitionRouteLocator::lambda$initFactories$1:102 - Loaded RoutePredicateFactory [Cookie] 
2020-05-13 17:21:31 |-INFO in o.s.c.g.r.RouteDefinitionRouteLocator::lambda$initFactories$1:102 - Loaded RoutePredicateFactory [Header] 
2020-05-13 17:21:31 |-INFO in o.s.c.g.r.RouteDefinitionRouteLocator::lambda$initFactories$1:102 - Loaded RoutePredicateFactory [Host] 
2020-05-13 17:21:31 |-INFO in o.s.c.g.r.RouteDefinitionRouteLocator::lambda$initFactories$1:102 - Loaded RoutePredicateFactory [Method] 
2020-05-13 17:21:31 |-INFO in o.s.c.g.r.RouteDefinitionRouteLocator::lambda$initFactories$1:102 - Loaded RoutePredicateFactory [Path] 
2020-05-13 17:21:31 |-INFO in o.s.c.g.r.RouteDefinitionRouteLocator::lambda$initFactories$1:102 - Loaded RoutePredicateFactory [Query] 
2020-05-13 17:21:31 |-INFO in o.s.c.g.r.RouteDefinitionRouteLocator::lambda$initFactories$1:102 - Loaded RoutePredicateFactory [ReadBodyPredicateFactory] 
2020-05-13 17:21:31 |-INFO in o.s.c.g.r.RouteDefinitionRouteLocator::lambda$initFactories$1:102 - Loaded RoutePredicateFactory [RemoteAddr] 
2020-05-13 17:21:31 |-INFO in o.s.c.g.r.RouteDefinitionRouteLocator::lambda$initFactories$1:102 - Loaded RoutePredicateFactory [Weight] 
2020-05-13 17:21:31 |-INFO in o.s.c.g.r.RouteDefinitionRouteLocator::lambda$initFactories$1:102 - Loaded RoutePredicateFactory [CloudFoundryRouteService] 
2020-05-13 17:28:20 |-INFO in o.s.c.s.AbstractApplicationContext::prepareRefresh:590 - Refreshing org.springframework.context.annotation.AnnotationConfigApplicationContext@30b19518: startup date [Wed May 13 17:28:20 CST 2020]; root of context hierarchy 
2020-05-13 17:28:20 |-INFO in o.s.b.f.a.AutowiredAnnotationBeanPostProcessor::<init>:154 - JSR-330 'javax.inject.Inject' annotation found and supported for autowiring 
2020-05-13 17:28:20 |-INFO in o.s.c.s.PostProcessorRegistrationDelegate$BeanPostProcessorChecker::postProcessAfterInitialization:328 - Bean 'configurationPropertiesRebinderAutoConfiguration' of type [org.springframework.cloud.autoconfigure.ConfigurationPropertiesRebinderAutoConfiguration$$EnhancerBySpringCGLIB$$d15b0efd] is not eligible for getting processed by all BeanPostProcessors (for example: not eligible for auto-proxying) 
2020-05-13 17:28:21 |-INFO in o.s.boot.SpringApplication::logStartupProfileInfo:663 - The following profiles are active: kf 
2020-05-13 17:28:21 |-INFO in o.s.c.s.AbstractApplicationContext::prepareRefresh:590 - Refreshing org.springframework.boot.web.reactive.context.AnnotationConfigReactiveWebServerApplicationContext@4163f1cd: startup date [Wed May 13 17:28:21 CST 2020]; parent: org.springframework.context.annotation.AnnotationConfigApplicationContext@30b19518 
2020-05-13 17:28:22 |-INFO in o.s.c.c.scope.GenericScope::setSerializationId:294 - BeanFactory id=ea8f2f74-a634-3a95-a4ea-f35b0e69a825 
2020-05-13 17:28:22 |-INFO in o.s.b.f.a.AutowiredAnnotationBeanPostProcessor::<init>:154 - JSR-330 'javax.inject.Inject' annotation found and supported for autowiring 
2020-05-13 17:28:22 |-INFO in o.s.c.s.PostProcessorRegistrationDelegate$BeanPostProcessorChecker::postProcessAfterInitialization:328 - Bean 'org.springframework.cloud.autoconfigure.ConfigurationPropertiesRebinderAutoConfiguration' of type [org.springframework.cloud.autoconfigure.ConfigurationPropertiesRebinderAutoConfiguration$$EnhancerBySpringCGLIB$$d15b0efd] is not eligible for getting processed by all BeanPostProcessors (for example: not eligible for auto-proxying) 
2020-05-13 17:28:22 |-INFO in o.s.w.r.r.m.AbstractHandlerMethodMapping$MappingRegistry::register:468 - Mapped "{[/fallback]}" onto public reactor.core.publisher.Mono<java.lang.String> some.gateway.hystrix.FallbackController.fallback(org.springframework.web.server.ServerWebExchange) 
2020-05-13 17:28:22 |-INFO in o.s.w.r.h.AbstractUrlHandlerMapping::registerHandler:211 - Mapped URL path [/webjars/**] onto handler of type [class org.springframework.web.reactive.resource.ResourceWebHandler] 
2020-05-13 17:28:22 |-INFO in o.s.w.r.h.AbstractUrlHandlerMapping::registerHandler:211 - Mapped URL path [/**] onto handler of type [class org.springframework.web.reactive.resource.ResourceWebHandler] 
2020-05-13 17:28:24 |-WARN in c.n.c.s.URLConfigurationSource::<init>:121 - No URLs will be polled as dynamic configuration sources. 
2020-05-13 17:28:24 |-INFO in c.n.c.s.URLConfigurationSource::<init>:122 - To enable URLs as dynamic configuration sources, define System property archaius.configurationSource.additionalUrls or make config.properties available on classpath. 
2020-05-13 17:28:24 |-INFO in c.n.c.DynamicPropertyFactory::getInstance:281 - DynamicPropertyFactory is initialized with configuration sources: com.netflix.config.ConcurrentCompositeConfiguration@6f50d55c 
2020-05-13 17:28:24 |-INFO in o.s.c.g.r.RouteDefinitionRouteLocator::lambda$initFactories$1:102 - Loaded RoutePredicateFactory [My] 
2020-05-13 17:28:24 |-INFO in o.s.c.g.r.RouteDefinitionRouteLocator::lambda$initFactories$1:102 - Loaded RoutePredicateFactory [After] 
2020-05-13 17:28:24 |-INFO in o.s.c.g.r.RouteDefinitionRouteLocator::lambda$initFactories$1:102 - Loaded RoutePredicateFactory [Before] 
2020-05-13 17:28:24 |-INFO in o.s.c.g.r.RouteDefinitionRouteLocator::lambda$initFactories$1:102 - Loaded RoutePredicateFactory [Between] 
2020-05-13 17:28:24 |-INFO in o.s.c.g.r.RouteDefinitionRouteLocator::lambda$initFactories$1:102 - Loaded RoutePredicateFactory [Cookie] 
2020-05-13 17:28:24 |-INFO in o.s.c.g.r.RouteDefinitionRouteLocator::lambda$initFactories$1:102 - Loaded RoutePredicateFactory [Header] 
2020-05-13 17:28:24 |-INFO in o.s.c.g.r.RouteDefinitionRouteLocator::lambda$initFactories$1:102 - Loaded RoutePredicateFactory [Host] 
2020-05-13 17:28:24 |-INFO in o.s.c.g.r.RouteDefinitionRouteLocator::lambda$initFactories$1:102 - Loaded RoutePredicateFactory [Method] 
2020-05-13 17:28:24 |-INFO in o.s.c.g.r.RouteDefinitionRouteLocator::lambda$initFactories$1:102 - Loaded RoutePredicateFactory [Path] 
2020-05-13 17:28:24 |-INFO in o.s.c.g.r.RouteDefinitionRouteLocator::lambda$initFactories$1:102 - Loaded RoutePredicateFactory [Query] 
2020-05-13 17:28:24 |-INFO in o.s.c.g.r.RouteDefinitionRouteLocator::lambda$initFactories$1:102 - Loaded RoutePredicateFactory [ReadBodyPredicateFactory] 
2020-05-13 17:28:24 |-INFO in o.s.c.g.r.RouteDefinitionRouteLocator::lambda$initFactories$1:102 - Loaded RoutePredicateFactory [RemoteAddr] 
2020-05-13 17:28:24 |-INFO in o.s.c.g.r.RouteDefinitionRouteLocator::lambda$initFactories$1:102 - Loaded RoutePredicateFactory [Weight] 
2020-05-13 17:28:24 |-INFO in o.s.c.g.r.RouteDefinitionRouteLocator::lambda$initFactories$1:102 - Loaded RoutePredicateFactory [CloudFoundryRouteService] 
2020-05-13 17:28:26 |-INFO in o.s.b.a.e.w.EndpointLinksResolver::<init>:59 - Exposing 2 endpoint(s) beneath base path '/actuator' 
2020-05-13 17:28:26 |-INFO in o.s.w.r.r.m.AbstractHandlerMethodMapping$MappingRegistry::register:468 - Mapped "{[/actuator/health],methods=[GET],produces=[application/vnd.spring-boot.actuator.v2+json || application/json]}" onto public org.reactivestreams.Publisher<org.springframework.http.ResponseEntity<java.lang.Object>> org.springframework.boot.actuate.endpoint.web.reactive.AbstractWebFluxEndpointHandlerMapping$ReadOperationHandler.handle(org.springframework.web.server.ServerWebExchange) 
2020-05-13 17:28:26 |-INFO in o.s.w.r.r.m.AbstractHandlerMethodMapping$MappingRegistry::register:468 - Mapped "{[/actuator/info],methods=[GET],produces=[application/vnd.spring-boot.actuator.v2+json || application/json]}" onto public org.reactivestreams.Publisher<org.springframework.http.ResponseEntity<java.lang.Object>> org.springframework.boot.actuate.endpoint.web.reactive.AbstractWebFluxEndpointHandlerMapping$ReadOperationHandler.handle(org.springframework.web.server.ServerWebExchange) 
2020-05-13 17:28:26 |-INFO in o.s.w.r.r.m.AbstractHandlerMethodMapping$MappingRegistry::register:468 - Mapped "{[/actuator],methods=[GET],produces=[application/vnd.spring-boot.actuator.v2+json || application/json]}" onto protected java.util.Map<java.lang.String, java.util.Map<java.lang.String, org.springframework.boot.actuate.endpoint.web.Link>> org.springframework.boot.actuate.endpoint.web.reactive.WebFluxEndpointHandlerMapping.links(org.springframework.web.server.ServerWebExchange) 
2020-05-13 17:28:26 |-INFO in o.s.w.r.r.m.a.ControllerMethodResolver::initControllerAdviceCaches:181 - Looking for @ControllerAdvice: org.springframework.boot.web.reactive.context.AnnotationConfigReactiveWebServerApplicationContext@4163f1cd: startup date [Wed May 13 17:28:21 CST 2020]; parent: org.springframework.context.annotation.AnnotationConfigApplicationContext@30b19518 
2020-05-13 17:28:27 |-WARN in o.s.c.n.a.ArchaiusAutoConfiguration::configureArchaius:151 - No spring.application.name found, defaulting to 'application' 
2020-05-13 17:28:27 |-WARN in c.n.c.s.URLConfigurationSource::<init>:121 - No URLs will be polled as dynamic configuration sources. 
2020-05-13 17:28:27 |-INFO in c.n.c.s.URLConfigurationSource::<init>:122 - To enable URLs as dynamic configuration sources, define System property archaius.configurationSource.additionalUrls or make config.properties available on classpath. 
2020-05-13 17:28:27 |-INFO in o.s.jmx.export.MBeanExporter::afterSingletonsInstantiated:433 - Registering beans for JMX exposure on startup 
2020-05-13 17:28:27 |-INFO in o.s.jmx.export.MBeanExporter::autodetect:895 - Bean with name 'refreshScope' has been autodetected for JMX exposure 
2020-05-13 17:28:27 |-INFO in o.s.jmx.export.MBeanExporter::autodetect:895 - Bean with name 'environmentManager' has been autodetected for JMX exposure 
2020-05-13 17:28:27 |-INFO in o.s.jmx.export.MBeanExporter::autodetect:895 - Bean with name 'configurationPropertiesRebinder' has been autodetected for JMX exposure 
2020-05-13 17:28:27 |-INFO in o.s.jmx.export.MBeanExporter::registerBeanInstance:675 - Located managed bean 'environmentManager': registering with JMX server as MBean [gateway:name=environmentManager,type=EnvironmentManager] 
2020-05-13 17:28:27 |-INFO in o.s.jmx.export.MBeanExporter::registerBeanInstance:675 - Located managed bean 'refreshScope': registering with JMX server as MBean [gateway:name=refreshScope,type=RefreshScope] 
2020-05-13 17:28:27 |-INFO in o.s.jmx.export.MBeanExporter::registerBeanInstance:675 - Located managed bean 'configurationPropertiesRebinder': registering with JMX server as MBean [gateway:name=configurationPropertiesRebinder,context=4163f1cd,type=ConfigurationPropertiesRebinder] 
2020-05-13 17:28:27 |-INFO in o.s.c.s.DefaultLifecycleProcessor$LifecycleGroup::start:351 - Starting beans in phase 0 
2020-05-13 17:28:27 |-INFO in o.s.c.n.e.InstanceInfoFactory::create:71 - Setting initial instance status as: STARTING 
2020-05-13 17:28:27 |-INFO in c.n.discovery.DiscoveryClient::<init>:349 - Initializing Eureka in region us-east-1 
2020-05-13 17:28:28 |-INFO in c.n.d.p.DiscoveryJerseyProvider::<init>:70 - Using JSON encoding codec LegacyJacksonJson 
2020-05-13 17:28:28 |-INFO in c.n.d.p.DiscoveryJerseyProvider::<init>:71 - Using JSON decoding codec LegacyJacksonJson 
2020-05-13 17:28:28 |-INFO in c.n.d.p.DiscoveryJerseyProvider::<init>:80 - Using XML encoding codec XStreamXml 
2020-05-13 17:28:28 |-INFO in c.n.d.p.DiscoveryJerseyProvider::<init>:81 - Using XML decoding codec XStreamXml 
2020-05-13 17:28:28 |-INFO in c.n.d.s.r.a.ConfigClusterResolver::getClusterEndpoints:43 - Resolving eureka endpoints via configuration 
2020-05-13 17:28:28 |-INFO in c.n.discovery.DiscoveryClient::fetchRegistry:958 - Disable delta property : false 
2020-05-13 17:28:28 |-INFO in c.n.discovery.DiscoveryClient::fetchRegistry:959 - Single vip registry refresh property : null 
2020-05-13 17:28:28 |-INFO in c.n.discovery.DiscoveryClient::fetchRegistry:960 - Force full registry fetch : false 
2020-05-13 17:28:28 |-INFO in c.n.discovery.DiscoveryClient::fetchRegistry:961 - Application is null : false 
2020-05-13 17:28:28 |-INFO in c.n.discovery.DiscoveryClient::fetchRegistry:962 - Registered Applications size is zero : true 
2020-05-13 17:28:28 |-INFO in c.n.discovery.DiscoveryClient::fetchRegistry:964 - Application version is -1: true 
2020-05-13 17:28:28 |-INFO in c.n.discovery.DiscoveryClient::getAndStoreFullRegistry:1047 - Getting all instance registry info from the eureka server 
2020-05-13 17:28:29 |-INFO in c.n.discovery.DiscoveryClient::getAndStoreFullRegistry:1056 - The response status is 200 
2020-05-13 17:28:29 |-INFO in c.n.discovery.DiscoveryClient::initScheduledTasks:1264 - Starting heartbeat executor: renew interval is: 30 
2020-05-13 17:28:29 |-INFO in c.n.d.InstanceInfoReplicator::<init>:60 - InstanceInfoReplicator onDemand update allowed rate per min is 4 
2020-05-13 17:28:29 |-INFO in c.n.discovery.DiscoveryClient::<init>:449 - Discovery Client initialized at timestamp 1589362109072 with initial instances count: 1 
2020-05-13 17:28:29 |-INFO in o.s.c.n.e.s.EurekaServiceRegistry::register:42 - Registering application unknown with eureka with status UP 
2020-05-13 17:28:29 |-INFO in c.n.d.DiscoveryClient$3::notify:1299 - Saw local status change event StatusChangeEvent [timestamp=1589362109081, current=UP, previous=STARTING] 
2020-05-13 17:28:29 |-INFO in c.n.discovery.DiscoveryClient::register:826 - DiscoveryClient_UNKNOWN/192.168.25.204:8682: registering service... 
2020-05-13 17:28:29 |-INFO in c.n.discovery.DiscoveryClient::register:835 - DiscoveryClient_UNKNOWN/192.168.25.204:8682 - registration status: 204 
2020-05-13 17:28:29 |-INFO in r.util.Loggers$Slf4JLogger::info:238 - Started HttpServer on /0:0:0:0:0:0:0:0:8682 
2020-05-13 17:28:29 |-INFO in o.s.b.w.e.netty.NettyWebServer::start:83 - Netty started on port(s): 8682 
2020-05-13 17:28:29 |-INFO in o.s.c.n.e.s.EurekaAutoServiceRegistration::onApplicationEvent:124 - Updating port to 8682 
2020-05-13 17:28:29 |-INFO in o.s.boot.StartupInfoLogger::logStarted:59 - Started GatewayBootMyApplication in 11.452 seconds (JVM running for 13.547) 
2020-05-13 17:30:00 |-INFO in o.s.c.s.AbstractApplicationContext::doClose:993 - Closing org.springframework.boot.web.reactive.context.AnnotationConfigReactiveWebServerApplicationContext@4163f1cd: startup date [Wed May 13 17:28:21 CST 2020]; parent: org.springframework.context.annotation.AnnotationConfigApplicationContext@30b19518 
2020-05-13 17:30:00 |-INFO in o.s.c.n.e.s.EurekaServiceRegistry::deregister:65 - Unregistering application unknown with eureka with status DOWN 
2020-05-13 17:30:00 |-WARN in c.n.d.DiscoveryClient$3::notify:1297 - Saw local status change event StatusChangeEvent [timestamp=1589362200177, current=DOWN, previous=UP] 
2020-05-13 17:30:00 |-INFO in c.n.discovery.DiscoveryClient::register:826 - DiscoveryClient_UNKNOWN/192.168.25.204:8682: registering service... 
2020-05-13 17:30:00 |-INFO in o.s.c.s.DefaultLifecycleProcessor$LifecycleGroup::stop:366 - Stopping beans in phase 0 
2020-05-13 17:30:00 |-INFO in o.s.jmx.export.MBeanExporter::destroy:451 - Unregistering JMX-exposed beans on shutdown 
2020-05-13 17:30:00 |-INFO in o.s.j.s.MBeanRegistrationSupport::unregisterBeans:183 - Unregistering JMX-exposed beans 
2020-05-13 17:30:00 |-INFO in c.n.discovery.DiscoveryClient::register:835 - DiscoveryClient_UNKNOWN/192.168.25.204:8682 - registration status: 204 
2020-05-13 17:30:00 |-INFO in c.n.discovery.DiscoveryClient::shutdown:888 - Shutting down DiscoveryClient ... 
2020-05-13 17:30:00 |-WARN in o.s.b.f.a.InitDestroyAnnotationBeanPostProcessor::postProcessBeforeDestruction:163 - Invocation of destroy method failed on bean with name 'scopedTarget.eurekaClient': org.springframework.beans.factory.BeanCreationNotAllowedException: Error creating bean with name 'eurekaInstanceConfigBean': Singleton bean creation not allowed while singletons of this factory are in destruction (Do not request a bean from a BeanFactory in a destroy method implementation!) 
2020-05-13 17:30:00 |-INFO in r.util.Loggers$Slf4JLogger::info:238 - Stopped HttpServer on /0:0:0:0:0:0:0:0:8682 
2020-05-13 17:32:04 |-INFO in o.s.c.s.AbstractApplicationContext::prepareRefresh:590 - Refreshing org.springframework.context.annotation.AnnotationConfigApplicationContext@35d08e6c: startup date [Wed May 13 17:32:04 CST 2020]; root of context hierarchy 
2020-05-13 17:32:04 |-INFO in o.s.b.f.a.AutowiredAnnotationBeanPostProcessor::<init>:154 - JSR-330 'javax.inject.Inject' annotation found and supported for autowiring 
2020-05-13 17:32:04 |-INFO in o.s.c.s.PostProcessorRegistrationDelegate$BeanPostProcessorChecker::postProcessAfterInitialization:328 - Bean 'configurationPropertiesRebinderAutoConfiguration' of type [org.springframework.cloud.autoconfigure.ConfigurationPropertiesRebinderAutoConfiguration$$EnhancerBySpringCGLIB$$13252698] is not eligible for getting processed by all BeanPostProcessors (for example: not eligible for auto-proxying) 
2020-05-13 17:32:05 |-INFO in o.s.boot.SpringApplication::logStartupProfileInfo:663 - The following profiles are active: kf 
2020-05-13 17:32:05 |-INFO in o.s.c.s.AbstractApplicationContext::prepareRefresh:590 - Refreshing org.springframework.boot.web.reactive.context.AnnotationConfigReactiveWebServerApplicationContext@55b62629: startup date [Wed May 13 17:32:05 CST 2020]; parent: org.springframework.context.annotation.AnnotationConfigApplicationContext@35d08e6c 
2020-05-13 17:32:06 |-INFO in o.s.c.c.scope.GenericScope::setSerializationId:294 - BeanFactory id=ba3afa6a-7389-3488-b00c-770e14afe858 
2020-05-13 17:32:06 |-INFO in o.s.b.f.a.AutowiredAnnotationBeanPostProcessor::<init>:154 - JSR-330 'javax.inject.Inject' annotation found and supported for autowiring 
2020-05-13 17:32:06 |-INFO in o.s.c.s.PostProcessorRegistrationDelegate$BeanPostProcessorChecker::postProcessAfterInitialization:328 - Bean 'org.springframework.cloud.autoconfigure.ConfigurationPropertiesRebinderAutoConfiguration' of type [org.springframework.cloud.autoconfigure.ConfigurationPropertiesRebinderAutoConfiguration$$EnhancerBySpringCGLIB$$13252698] is not eligible for getting processed by all BeanPostProcessors (for example: not eligible for auto-proxying) 
2020-05-13 17:32:07 |-INFO in o.s.w.r.r.m.AbstractHandlerMethodMapping$MappingRegistry::register:468 - Mapped "{[/fallback]}" onto public reactor.core.publisher.Mono<java.lang.String> some.gateway.hystrix.FallbackController.fallback(org.springframework.web.server.ServerWebExchange) 
2020-05-13 17:32:07 |-INFO in o.s.w.r.h.AbstractUrlHandlerMapping::registerHandler:211 - Mapped URL path [/webjars/**] onto handler of type [class org.springframework.web.reactive.resource.ResourceWebHandler] 
2020-05-13 17:32:07 |-INFO in o.s.w.r.h.AbstractUrlHandlerMapping::registerHandler:211 - Mapped URL path [/**] onto handler of type [class org.springframework.web.reactive.resource.ResourceWebHandler] 
2020-05-13 17:32:09 |-WARN in c.n.c.s.URLConfigurationSource::<init>:121 - No URLs will be polled as dynamic configuration sources. 
2020-05-13 17:32:09 |-INFO in c.n.c.s.URLConfigurationSource::<init>:122 - To enable URLs as dynamic configuration sources, define System property archaius.configurationSource.additionalUrls or make config.properties available on classpath. 
2020-05-13 17:32:09 |-INFO in c.n.c.DynamicPropertyFactory::getInstance:281 - DynamicPropertyFactory is initialized with configuration sources: com.netflix.config.ConcurrentCompositeConfiguration@546ed2a0 
2020-05-13 17:32:09 |-INFO in o.s.c.g.r.RouteDefinitionRouteLocator::lambda$initFactories$1:102 - Loaded RoutePredicateFactory [My] 
2020-05-13 17:32:09 |-INFO in o.s.c.g.r.RouteDefinitionRouteLocator::lambda$initFactories$1:102 - Loaded RoutePredicateFactory [After] 
2020-05-13 17:32:09 |-INFO in o.s.c.g.r.RouteDefinitionRouteLocator::lambda$initFactories$1:102 - Loaded RoutePredicateFactory [Before] 
2020-05-13 17:32:09 |-INFO in o.s.c.g.r.RouteDefinitionRouteLocator::lambda$initFactories$1:102 - Loaded RoutePredicateFactory [Between] 
2020-05-13 17:32:09 |-INFO in o.s.c.g.r.RouteDefinitionRouteLocator::lambda$initFactories$1:102 - Loaded RoutePredicateFactory [Cookie] 
2020-05-13 17:32:09 |-INFO in o.s.c.g.r.RouteDefinitionRouteLocator::lambda$initFactories$1:102 - Loaded RoutePredicateFactory [Header] 
2020-05-13 17:32:09 |-INFO in o.s.c.g.r.RouteDefinitionRouteLocator::lambda$initFactories$1:102 - Loaded RoutePredicateFactory [Host] 
2020-05-13 17:32:09 |-INFO in o.s.c.g.r.RouteDefinitionRouteLocator::lambda$initFactories$1:102 - Loaded RoutePredicateFactory [Method] 
2020-05-13 17:32:09 |-INFO in o.s.c.g.r.RouteDefinitionRouteLocator::lambda$initFactories$1:102 - Loaded RoutePredicateFactory [Path] 
2020-05-13 17:32:09 |-INFO in o.s.c.g.r.RouteDefinitionRouteLocator::lambda$initFactories$1:102 - Loaded RoutePredicateFactory [Query] 
2020-05-13 17:32:09 |-INFO in o.s.c.g.r.RouteDefinitionRouteLocator::lambda$initFactories$1:102 - Loaded RoutePredicateFactory [ReadBodyPredicateFactory] 
2020-05-13 17:32:09 |-INFO in o.s.c.g.r.RouteDefinitionRouteLocator::lambda$initFactories$1:102 - Loaded RoutePredicateFactory [RemoteAddr] 
2020-05-13 17:32:09 |-INFO in o.s.c.g.r.RouteDefinitionRouteLocator::lambda$initFactories$1:102 - Loaded RoutePredicateFactory [Weight] 
2020-05-13 17:32:09 |-INFO in o.s.c.g.r.RouteDefinitionRouteLocator::lambda$initFactories$1:102 - Loaded RoutePredicateFactory [CloudFoundryRouteService] 
2020-05-13 17:32:11 |-INFO in o.s.b.a.e.w.EndpointLinksResolver::<init>:59 - Exposing 2 endpoint(s) beneath base path '/actuator' 
2020-05-13 17:32:11 |-INFO in o.s.w.r.r.m.AbstractHandlerMethodMapping$MappingRegistry::register:468 - Mapped "{[/actuator/health],methods=[GET],produces=[application/vnd.spring-boot.actuator.v2+json || application/json]}" onto public org.reactivestreams.Publisher<org.springframework.http.ResponseEntity<java.lang.Object>> org.springframework.boot.actuate.endpoint.web.reactive.AbstractWebFluxEndpointHandlerMapping$ReadOperationHandler.handle(org.springframework.web.server.ServerWebExchange) 
2020-05-13 17:32:11 |-INFO in o.s.w.r.r.m.AbstractHandlerMethodMapping$MappingRegistry::register:468 - Mapped "{[/actuator/info],methods=[GET],produces=[application/vnd.spring-boot.actuator.v2+json || application/json]}" onto public org.reactivestreams.Publisher<org.springframework.http.ResponseEntity<java.lang.Object>> org.springframework.boot.actuate.endpoint.web.reactive.AbstractWebFluxEndpointHandlerMapping$ReadOperationHandler.handle(org.springframework.web.server.ServerWebExchange) 
2020-05-13 17:32:11 |-INFO in o.s.w.r.r.m.AbstractHandlerMethodMapping$MappingRegistry::register:468 - Mapped "{[/actuator],methods=[GET],produces=[application/vnd.spring-boot.actuator.v2+json || application/json]}" onto protected java.util.Map<java.lang.String, java.util.Map<java.lang.String, org.springframework.boot.actuate.endpoint.web.Link>> org.springframework.boot.actuate.endpoint.web.reactive.WebFluxEndpointHandlerMapping.links(org.springframework.web.server.ServerWebExchange) 
2020-05-13 17:32:11 |-INFO in o.s.w.r.r.m.a.ControllerMethodResolver::initControllerAdviceCaches:181 - Looking for @ControllerAdvice: org.springframework.boot.web.reactive.context.AnnotationConfigReactiveWebServerApplicationContext@55b62629: startup date [Wed May 13 17:32:05 CST 2020]; parent: org.springframework.context.annotation.AnnotationConfigApplicationContext@35d08e6c 
2020-05-13 17:32:12 |-WARN in o.s.c.n.a.ArchaiusAutoConfiguration::configureArchaius:151 - No spring.application.name found, defaulting to 'application' 
2020-05-13 17:32:12 |-WARN in c.n.c.s.URLConfigurationSource::<init>:121 - No URLs will be polled as dynamic configuration sources. 
2020-05-13 17:32:12 |-INFO in c.n.c.s.URLConfigurationSource::<init>:122 - To enable URLs as dynamic configuration sources, define System property archaius.configurationSource.additionalUrls or make config.properties available on classpath. 
2020-05-13 17:32:12 |-INFO in o.s.jmx.export.MBeanExporter::afterSingletonsInstantiated:433 - Registering beans for JMX exposure on startup 
2020-05-13 17:32:12 |-INFO in o.s.jmx.export.MBeanExporter::autodetect:895 - Bean with name 'refreshScope' has been autodetected for JMX exposure 
2020-05-13 17:32:12 |-INFO in o.s.jmx.export.MBeanExporter::autodetect:895 - Bean with name 'environmentManager' has been autodetected for JMX exposure 
2020-05-13 17:32:12 |-INFO in o.s.jmx.export.MBeanExporter::autodetect:895 - Bean with name 'configurationPropertiesRebinder' has been autodetected for JMX exposure 
2020-05-13 17:32:12 |-INFO in o.s.jmx.export.MBeanExporter::registerBeanInstance:675 - Located managed bean 'environmentManager': registering with JMX server as MBean [gateway:name=environmentManager,type=EnvironmentManager] 
2020-05-13 17:32:12 |-INFO in o.s.jmx.export.MBeanExporter::registerBeanInstance:675 - Located managed bean 'refreshScope': registering with JMX server as MBean [gateway:name=refreshScope,type=RefreshScope] 
2020-05-13 17:32:12 |-INFO in o.s.jmx.export.MBeanExporter::registerBeanInstance:675 - Located managed bean 'configurationPropertiesRebinder': registering with JMX server as MBean [gateway:name=configurationPropertiesRebinder,context=55b62629,type=ConfigurationPropertiesRebinder] 
2020-05-13 17:32:12 |-INFO in o.s.c.s.DefaultLifecycleProcessor$LifecycleGroup::start:351 - Starting beans in phase 0 
2020-05-13 17:32:12 |-INFO in o.s.c.n.e.InstanceInfoFactory::create:71 - Setting initial instance status as: STARTING 
2020-05-13 17:32:12 |-INFO in c.n.discovery.DiscoveryClient::<init>:349 - Initializing Eureka in region us-east-1 
2020-05-13 17:32:13 |-INFO in c.n.d.p.DiscoveryJerseyProvider::<init>:70 - Using JSON encoding codec LegacyJacksonJson 
2020-05-13 17:32:13 |-INFO in c.n.d.p.DiscoveryJerseyProvider::<init>:71 - Using JSON decoding codec LegacyJacksonJson 
2020-05-13 17:32:13 |-INFO in c.n.d.p.DiscoveryJerseyProvider::<init>:80 - Using XML encoding codec XStreamXml 
2020-05-13 17:32:13 |-INFO in c.n.d.p.DiscoveryJerseyProvider::<init>:81 - Using XML decoding codec XStreamXml 
2020-05-13 17:32:13 |-INFO in c.n.d.s.r.a.ConfigClusterResolver::getClusterEndpoints:43 - Resolving eureka endpoints via configuration 
2020-05-13 17:32:13 |-INFO in c.n.discovery.DiscoveryClient::fetchRegistry:958 - Disable delta property : false 
2020-05-13 17:32:13 |-INFO in c.n.discovery.DiscoveryClient::fetchRegistry:959 - Single vip registry refresh property : null 
2020-05-13 17:32:13 |-INFO in c.n.discovery.DiscoveryClient::fetchRegistry:960 - Force full registry fetch : false 
2020-05-13 17:32:13 |-INFO in c.n.discovery.DiscoveryClient::fetchRegistry:961 - Application is null : false 
2020-05-13 17:32:13 |-INFO in c.n.discovery.DiscoveryClient::fetchRegistry:962 - Registered Applications size is zero : true 
2020-05-13 17:32:13 |-INFO in c.n.discovery.DiscoveryClient::fetchRegistry:964 - Application version is -1: true 
2020-05-13 17:32:13 |-INFO in c.n.discovery.DiscoveryClient::getAndStoreFullRegistry:1047 - Getting all instance registry info from the eureka server 
2020-05-13 17:32:14 |-INFO in c.n.discovery.DiscoveryClient::getAndStoreFullRegistry:1056 - The response status is 200 
2020-05-13 17:32:14 |-INFO in c.n.discovery.DiscoveryClient::initScheduledTasks:1264 - Starting heartbeat executor: renew interval is: 30 
2020-05-13 17:32:14 |-INFO in c.n.d.InstanceInfoReplicator::<init>:60 - InstanceInfoReplicator onDemand update allowed rate per min is 4 
2020-05-13 17:32:14 |-INFO in c.n.discovery.DiscoveryClient::<init>:449 - Discovery Client initialized at timestamp 1589362334123 with initial instances count: 2 
2020-05-13 17:32:14 |-INFO in o.s.c.n.e.s.EurekaServiceRegistry::register:42 - Registering application unknown with eureka with status UP 
2020-05-13 17:32:14 |-INFO in c.n.d.DiscoveryClient$3::notify:1299 - Saw local status change event StatusChangeEvent [timestamp=1589362334130, current=UP, previous=STARTING] 
2020-05-13 17:32:14 |-INFO in c.n.discovery.DiscoveryClient::register:826 - DiscoveryClient_UNKNOWN/192.168.25.204:8682: registering service... 
2020-05-13 17:32:14 |-INFO in c.n.discovery.DiscoveryClient::register:835 - DiscoveryClient_UNKNOWN/192.168.25.204:8682 - registration status: 204 
2020-05-13 17:32:14 |-INFO in r.util.Loggers$Slf4JLogger::info:238 - Started HttpServer on /0:0:0:0:0:0:0:0:8682 
2020-05-13 17:32:14 |-INFO in o.s.b.w.e.netty.NettyWebServer::start:83 - Netty started on port(s): 8682 
2020-05-13 17:32:14 |-INFO in o.s.c.n.e.s.EurekaAutoServiceRegistration::onApplicationEvent:124 - Updating port to 8682 
2020-05-13 17:32:14 |-INFO in o.s.boot.StartupInfoLogger::logStarted:59 - Started GatewayBootMyApplication in 11.833 seconds (JVM running for 14.2) 
2020-05-13 17:32:47 |-WARN in o.s.b.a.w.r.e.DefaultErrorWebExceptionHandler::log:212 - Failed to handle request [GET http://localhost:8682/favicon.ico]: Response status 404 
2020-05-13 17:33:01 |-INFO in o.s.c.s.AbstractApplicationContext::prepareRefresh:590 - Refreshing SpringClientFactory-some-api-service: startup date [Wed May 13 17:33:01 CST 2020]; parent: org.springframework.boot.web.reactive.context.AnnotationConfigReactiveWebServerApplicationContext@55b62629 
2020-05-13 17:33:01 |-INFO in o.s.b.f.a.AutowiredAnnotationBeanPostProcessor::<init>:154 - JSR-330 'javax.inject.Inject' annotation found and supported for autowiring 
2020-05-13 17:33:01 |-INFO in c.n.c.ChainedDynamicProperty$ChainLink::checkAndFlip:115 - Flipping property: some-api-service.ribbon.ActiveConnectionsLimit to use NEXT property: niws.loadbalancer.availabilityFilteringRule.activeConnectionsLimit = 2147483647 
2020-05-13 17:33:01 |-INFO in c.n.u.c.ShutdownEnabledTimer::<init>:58 - Shutdown hook installed for: NFLoadBalancer-PingTimer-some-api-service 
2020-05-13 17:33:01 |-INFO in c.n.l.BaseLoadBalancer::initWithConfig:192 - Client: some-api-service instantiated a LoadBalancer: DynamicServerListLoadBalancer:{NFLoadBalancer:name=some-api-service,current list of Servers=[],Load balancer stats=Zone stats: {},Server stats: []}ServerList:null 
2020-05-13 17:33:01 |-INFO in c.n.l.DynamicServerListLoadBalancer::enableAndInitLearnNewServersFeature:222 - Using serverListUpdater PollingServerListUpdater 
2020-05-13 17:33:01 |-INFO in c.n.c.ChainedDynamicProperty$ChainLink::checkAndFlip:115 - Flipping property: some-api-service.ribbon.ActiveConnectionsLimit to use NEXT property: niws.loadbalancer.availabilityFilteringRule.activeConnectionsLimit = 2147483647 
2020-05-13 17:33:01 |-INFO in c.n.l.DynamicServerListLoadBalancer::restOfInit:150 - DynamicServerListLoadBalancer for client some-api-service initialized: DynamicServerListLoadBalancer:{NFLoadBalancer:name=some-api-service,current list of Servers=[192.168.25.204:8086],Load balancer stats=Zone stats: {defaultzone=[Zone:defaultzone;	Instance count:1;	Active connections count: 0;	Circuit breaker tripped count: 0;	Active connections per server: 0.0;]
},Server stats: [[Server:192.168.25.204:8086;	Zone:defaultZone;	Total Requests:0;	Successive connection failure:0;	Total blackout seconds:0;	Last connection made:Thu Jan 01 08:00:00 CST 1970;	First connection made: Thu Jan 01 08:00:00 CST 1970;	Active Connections:0;	total failure count in last (1000) msecs:0;	average resp time:0.0;	90 percentile resp time:0.0;	95 percentile resp time:0.0;	min resp time:0.0;	max resp time:0.0;	stddev resp time:0.0]
]}ServerList:org.springframework.cloud.netflix.ribbon.eureka.DomainExtractingServerList@36b3495 
2020-05-13 17:33:02 |-INFO in c.n.c.ChainedDynamicProperty$ChainLink::checkAndFlip:115 - Flipping property: some-api-service.ribbon.ActiveConnectionsLimit to use NEXT property: niws.loadbalancer.availabilityFilteringRule.activeConnectionsLimit = 2147483647 
